{"name": "L_2", "status": "failed", "statusDetails": {"message": "ElementClickInterceptedException: Message: element click intercepted: Element <button type=\"submit\" class=\"btn btn-primary btn-block fw-600\">...</button> is not clickable at point (675, 568). Other element would receive the click: <div class=\"pb-5 pt-4 px-5\">...</div>\n  (Session info: chrome=136.0.7103.114)\nStacktrace:\n\tGetHandleVerifier [0x00007FF7D49CCF65+75717]\n\tGetHandleVerifier [0x00007FF7D49CCFC0+75808]\n\t(No symbol) [0x00007FF7D4798F9A]\n\t(No symbol) [0x00007FF7D47F7439]\n\t(No symbol) [0x00007FF7D47F4DF2]\n\t(No symbol) [0x00007FF7D47F1EA1]\n\t(No symbol) [0x00007FF7D47F0DA1]\n\t(No symbol) [0x00007FF7D47E2394]\n\t(No symbol) [0x00007FF7D481737A]\n\t(No symbol) [0x00007FF7D47E1C46]\n\t(No symbol) [0x00007FF7D4817590]\n\t(No symbol) [0x00007FF7D483F39C]\n\t(No symbol) [0x00007FF7D4817153]\n\t(No symbol) [0x00007FF7D47E0421]\n\t(No symbol) [0x00007FF7D47E11B3]\n\tGetHandleVerifier [0x00007FF7D4CCD74D+3223469]\n\tGetHandleVerifier [0x00007FF7D4CC7CF2+3200338]\n\tGetHandleVerifier [0x00007FF7D4CE5B23+3322755]\n\tGetHandleVerifier [0x00007FF7D49E6A3A+180890]\n\tGetHandleVerifier [0x00007FF7D49EE13F+211359]\n\tGetHandleVerifier [0x00007FF7D49D52B4+109332]\n\tGetHandleVerifier [0x00007FF7D49D5462+109762]\n\tGetHandleVerifier [0x00007FF7D49BBA79+4825]\n\tBaseThreadInitThunk [0x00007FFD47AE7374+20]\n\tRtlUserThreadStart [0x00007FFD4857CC91+33]\n"}, "steps": [{"name": "Login With User", "status": "failed", "statusDetails": {"message": "ElementClickInterceptedException: Message: element click intercepted: Element <button type=\"submit\" class=\"btn btn-primary btn-block fw-600\">...</button> is not clickable at point (675, 568). Other element would receive the click: <div class=\"pb-5 pt-4 px-5\">...</div>\n  (Session info: chrome=136.0.7103.114)\nStacktrace:\n\tGetHandleVerifier [0x00007FF7D49CCF65+75717]\n\tGetHandleVerifier [0x00007FF7D49CCFC0+75808]\n\t(No symbol) [0x00007FF7D4798F9A]\n\t(No symbol) [0x00007FF7D47F7439]\n\t(No symbol) [0x00007FF7D47F4DF2]\n\t(No symbol) [0x00007FF7D47F1EA1]\n\t(No symbol) [0x00007FF7D47F0DA1]\n\t(No symbol) [0x00007FF7D47E2394]\n\t(No symbol) [0x00007FF7D481737A]\n\t(No symbol) [0x00007FF7D47E1C46]\n\t(No symbol) [0x00007FF7D4817590]\n\t(No symbol) [0x00007FF7D483F39C]\n\t(No symbol) [0x00007FF7D4817153]\n\t(No symbol) [0x00007FF7D47E0421]\n\t(No symbol) [0x00007FF7D47E11B3]\n\tGetHandleVerifier [0x00007FF7D4CCD74D+3223469]\n\tGetHandleVerifier [0x00007FF7D4CC7CF2+3200338]\n\tGetHandleVerifier [0x00007FF7D4CE5B23+3322755]\n\tGetHandleVerifier [0x00007FF7D49E6A3A+180890]\n\tGetHandleVerifier [0x00007FF7D49EE13F+211359]\n\tGetHandleVerifier [0x00007FF7D49D52B4+109332]\n\tGetHandleVerifier [0x00007FF7D49D5462+109762]\n\tGetHandleVerifier [0x00007FF7D49BBA79+4825]\n\tBaseThreadInitThunk [0x00007FFD47AE7374+20]\n\tRtlUserThreadStart [0x00007FFD4857CC91+33]\n"}, "steps": [{"name": "common_keywords.Open Chrome Browser", "status": "passed", "statusDetails": {}, "steps": [{"name": "BuiltIn.Log", "status": "passed", "statusDetails": {}, "attachments": [{"name": "Keyword Log", "source": "b2798be4-aa49-43cc-9079-d0d94ef22e7a-attachment.html", "type": "text/html"}], "parameters": [{"name": "arg1", "value": "Starting to open Chrome browser"}, {"name": "arg2", "value": "level=INFO"}], "start": 1747822058146, "stop": 1747822058151}, {"name": "BuiltIn.Evaluate", "status": "passed", "statusDetails": {}, "attachments": [{"name": "Keyword Log", "source": "7ad1431f-0dac-4cff-b953-79190133ff3e-attachment.html", "type": "text/html"}], "parameters": [{"name": "arg1", "value": "sys.modules['selenium.webdriver'].ChromeOptions()"}, {"name": "arg2", "value": "modules=sys"}], "start": 1747822058152, "stop": 1747822058154}, {"name": "BuiltIn.Run Keyword And Ignore Error", "status": "passed", "statusDetails": {}, "steps": [{"name": "BuiltIn.Call Method", "status": "passed", "statusDetails": {}, "parameters": [{"name": "arg1", "value": "${chrome_options}"}, {"name": "arg2", "value": "add_argument"}, {"name": "arg3", "value": "--disable-notifications"}], "start": 1747822058155, "stop": 1747822058156}], "parameters": [{"name": "arg1", "value": "Call Method"}, {"name": "arg2", "value": "${chrome_options}"}, {"name": "arg3", "value": "add_argument"}, {"name": "arg4", "value": "--disable-notifications"}], "start": 1747822058155, "stop": 1747822058157}, {"name": "BuiltIn.Run Keyword And Ignore Error", "status": "passed", "statusDetails": {}, "steps": [{"name": "BuiltIn.Call Method", "status": "failed", "statusDetails": {"message": "Calling method 'add_argument' failed: TypeError: ArgOptions.add_argument() got an unexpected keyword argument '--password-store'"}, "attachments": [{"name": "Keyword Log", "source": "d310c9ef-52f5-42e0-831c-1d9e7a04611a-attachment.html", "type": "text/html"}], "parameters": [{"name": "arg1", "value": "${chrome_options}"}, {"name": "arg2", "value": "add_argument"}, {"name": "arg3", "value": "--password-store=basic"}], "start": 1747822058158, "stop": 1747822058285}], "parameters": [{"name": "arg1", "value": "Call Method"}, {"name": "arg2", "value": "${chrome_options}"}, {"name": "arg3", "value": "add_argument"}, {"name": "arg4", "value": "--password-store=basic"}], "start": 1747822058157, "stop": 1747822058286}, {"name": "BuiltIn.Run Keyword And Ignore Error", "status": "passed", "statusDetails": {}, "steps": [{"name": "BuiltIn.Call Method", "status": "failed", "statusDetails": {"message": "Calling method 'add_argument' failed: TypeError: ArgOptions.add_argument() got an unexpected keyword argument '--disable-features'"}, "attachments": [{"name": "Keyword Log", "source": "9bdb1f2d-95bd-480d-81e2-e4ccd3fedfcf-attachment.html", "type": "text/html"}], "parameters": [{"name": "arg1", "value": "${chrome_options}"}, {"name": "arg2", "value": "add_argument"}, {"name": "arg3", "value": "--disable-features=PasswordManagerEnabled,PasswordLeakDetection,SafetyCheck,PasswordCheckup"}], "start": 1747822058288, "stop": 1747822058301}], "parameters": [{"name": "arg1", "value": "Call Method"}, {"name": "arg2", "value": "${chrome_options}"}, {"name": "arg3", "value": "add_argument"}, {"name": "arg4", "value": "--disable-features=PasswordManagerEnabled,PasswordLeakDetection,SafetyCheck,PasswordCheckup"}], "start": 1747822058287, "stop": 1747822058301}, {"name": "BuiltIn.Run Keyword And Ignore Error", "status": "passed", "statusDetails": {}, "steps": [{"name": "BuiltIn.Call Method", "status": "passed", "statusDetails": {}, "parameters": [{"name": "arg1", "value": "${chrome_options}"}, {"name": "arg2", "value": "add_argument"}, {"name": "arg3", "value": "--incognito"}], "start": 1747822058302, "stop": 1747822058303}], "parameters": [{"name": "arg1", "value": "Call Method"}, {"name": "arg2", "value": "${chrome_options}"}, {"name": "arg3", "value": "add_argument"}, {"name": "arg4", "value": "--incognito"}], "start": 1747822058302, "stop": 1747822058304}, {"name": "BuiltIn.Run Keyword And Ignore Error", "status": "passed", "statusDetails": {}, "steps": [{"name": "BuiltIn.Call Method", "status": "passed", "statusDetails": {}, "parameters": [{"name": "arg1", "value": "${chrome_options}"}, {"name": "arg2", "value": "add_argument"}, {"name": "arg3", "value": "--flag-switches-begin"}], "start": 1747822058306, "stop": 1747822058307}], "parameters": [{"name": "arg1", "value": "Call Method"}, {"name": "arg2", "value": "${chrome_options}"}, {"name": "arg3", "value": "add_argument"}, {"name": "arg4", "value": "--flag-switches-begin"}], "start": 1747822058305, "stop": 1747822058307}, {"name": "BuiltIn.Run Keyword And Ignore Error", "status": "passed", "statusDetails": {}, "steps": [{"name": "BuiltIn.Call Method", "status": "passed", "statusDetails": {}, "parameters": [{"name": "arg1", "value": "${chrome_options}"}, {"name": "arg2", "value": "add_argument"}, {"name": "arg3", "value": "--disable-password-manager"}], "start": 1747822058308, "stop": 1747822058309}], "parameters": [{"name": "arg1", "value": "Call Method"}, {"name": "arg2", "value": "${chrome_options}"}, {"name": "arg3", "value": "add_argument"}, {"name": "arg4", "value": "--disable-password-manager"}], "start": 1747822058308, "stop": 1747822058310}, {"name": "BuiltIn.Run Keyword And Ignore Error", "status": "passed", "statusDetails": {}, "steps": [{"name": "BuiltIn.Call Method", "status": "passed", "statusDetails": {}, "parameters": [{"name": "arg1", "value": "${chrome_options}"}, {"name": "arg2", "value": "add_argument"}, {"name": "arg3", "value": "--flag-switches-end"}], "start": 1747822058310, "stop": 1747822058311}], "parameters": [{"name": "arg1", "value": "Call Method"}, {"name": "arg2", "value": "${chrome_options}"}, {"name": "arg3", "value": "add_argument"}, {"name": "arg4", "value": "--flag-switches-end"}], "start": 1747822058310, "stop": 1747822058311}, {"name": "BuiltIn.Log", "status": "passed", "statusDetails": {}, "attachments": [{"name": "Keyword Log", "source": "3979b36f-7ba3-43ef-abb4-b551dfc451dd-attachment.html", "type": "text/html"}], "parameters": [{"name": "arg1", "value": "Chrome options set: ${chrome_options}"}, {"name": "arg2", "value": "level=INFO"}], "start": 1747822058312, "stop": 1747822058315}, {"name": "BuiltIn.Run Keyword And Ignore Error", "status": "passed", "statusDetails": {}, "steps": [{"name": "SeleniumLibrary.Open Browser", "status": "passed", "statusDetails": {}, "attachments": [{"name": "Keyword Log", "source": "2fec25a6-ad03-427c-9fc2-fcff1690ba27-attachment.html", "type": "text/html"}], "parameters": [{"name": "arg1", "value": "about:blank"}, {"name": "arg2", "value": "chrome"}, {"name": "arg3", "value": "options=${chrome_options}"}], "start": 1747822058316, "stop": 1747822060687}], "parameters": [{"name": "arg1", "value": "Open Browser"}, {"name": "arg2", "value": "about:blank"}, {"name": "arg3", "value": "chrome"}, {"name": "arg4", "value": "options=${chrome_options}"}], "start": 1747822058315, "stop": 1747822060688}, {"name": "BuiltIn.Log", "status": "passed", "statusDetails": {}, "attachments": [{"name": "Keyword Log", "source": "e53fe365-ed94-4364-944e-5234cc4db101-attachment.html", "type": "text/html"}], "parameters": [{"name": "arg1", "value": "Browser opened successfully"}, {"name": "arg2", "value": "level=INFO"}], "start": 1747822060689, "stop": 1747822060718}, {"name": "SeleniumLibrary.Maximize Browser Window", "status": "passed", "statusDetails": {}, "start": 1747822060718, "stop": 1747822060817}], "start": 1747822058145, "stop": 1747822060817}, {"name": "common_keywords.getUrl", "status": "passed", "statusDetails": {}, "steps": [{"name": "SeleniumLibrary.Go To", "status": "passed", "statusDetails": {}, "attachments": [{"name": "Keyword Log", "source": "ce58012c-5f5d-4f99-8fff-81b91d058542-attachment.html", "type": "text/html"}], "parameters": [{"name": "arg1", "value": "${url}"}], "start": 1747822060818, "stop": 1747822064479}, {"name": "BuiltIn.Sleep", "status": "passed", "statusDetails": {}, "attachments": [{"name": "Keyword Log", "source": "c17464ff-e80d-4318-a55a-78422759621d-attachment.html", "type": "text/html"}], "parameters": [{"name": "arg1", "value": "${DELAY_MEDIUM}"}], "start": 1747822064479, "stop": 1747822067482}], "parameters": [{"name": "arg1", "value": "https://cms.anhtester.com/users/login"}], "start": 1747822060818, "stop": 1747822067482}, {"name": "common_keywords.enterText", "status": "passed", "statusDetails": {}, "steps": [{"name": "SeleniumLibrary.Wait Until Element Is Visible", "status": "passed", "statusDetails": {}, "parameters": [{"name": "arg1", "value": "${locator}"}, {"name": "arg2", "value": "timeout=10s"}], "start": 1747822067484, "stop": 1747822067633}, {"name": "SeleniumLibrary.Input Text", "status": "passed", "statusDetails": {}, "attachments": [{"name": "Keyword Log", "source": "dc5250d3-7f3f-405c-96bd-6c04a1b527ec-attachment.html", "type": "text/html"}], "parameters": [{"name": "arg1", "value": "${locator}"}, {"name": "arg2", "value": "${text}"}], "start": 1747822067633, "stop": 1747822067982}, {"name": "BuiltIn.Sleep", "status": "passed", "statusDetails": {}, "attachments": [{"name": "Keyword Log", "source": "741de101-505d-4cb9-912b-8caaf688032e-attachment.html", "type": "text/html"}], "parameters": [{"name": "arg1", "value": "${DELAY_FAST}"}], "start": 1747822067982, "stop": 1747822068988}], "parameters": [{"name": "arg1", "value": "xpath=//input[@id=\"email\"]"}, {"name": "arg2", "value": "${username}"}], "start": 1747822067483, "stop": 1747822068989}, {"name": "common_keywords.enterText", "status": "passed", "statusDetails": {}, "steps": [{"name": "SeleniumLibrary.Wait Until Element Is Visible", "status": "passed", "statusDetails": {}, "parameters": [{"name": "arg1", "value": "${locator}"}, {"name": "arg2", "value": "timeout=10s"}], "start": 1747822068994, "stop": 1747822069058}, {"name": "SeleniumLibrary.Input Text", "status": "passed", "statusDetails": {}, "attachments": [{"name": "Keyword Log", "source": "4f87e6fc-968d-4789-92f3-61ee7c2e2974-attachment.html", "type": "text/html"}], "parameters": [{"name": "arg1", "value": "${locator}"}, {"name": "arg2", "value": "${text}"}], "start": 1747822069058, "stop": 1747822069149}, {"name": "BuiltIn.Sleep", "status": "passed", "statusDetails": {}, "attachments": [{"name": "Keyword Log", "source": "1834c2e6-a67e-4fb3-b858-7db4aa5dc88a-attachment.html", "type": "text/html"}], "parameters": [{"name": "arg1", "value": "${DELAY_FAST}"}], "start": 1747822069149, "stop": 1747822070193}], "parameters": [{"name": "arg1", "value": "xpath=//input[@id=\"password\"]"}, {"name": "arg2", "value": "${password}"}], "start": 1747822068991, "stop": 1747822070194}, {"name": "common_keywords.clickButton", "status": "failed", "statusDetails": {"message": "ElementClickInterceptedException: Message: element click intercepted: Element <button type=\"submit\" class=\"btn btn-primary btn-block fw-600\">...</button> is not clickable at point (675, 568). Other element would receive the click: <div class=\"pb-5 pt-4 px-5\">...</div>\n  (Session info: chrome=136.0.7103.114)\nStacktrace:\n\tGetHandleVerifier [0x00007FF7D49CCF65+75717]\n\tGetHandleVerifier [0x00007FF7D49CCFC0+75808]\n\t(No symbol) [0x00007FF7D4798F9A]\n\t(No symbol) [0x00007FF7D47F7439]\n\t(No symbol) [0x00007FF7D47F4DF2]\n\t(No symbol) [0x00007FF7D47F1EA1]\n\t(No symbol) [0x00007FF7D47F0DA1]\n\t(No symbol) [0x00007FF7D47E2394]\n\t(No symbol) [0x00007FF7D481737A]\n\t(No symbol) [0x00007FF7D47E1C46]\n\t(No symbol) [0x00007FF7D4817590]\n\t(No symbol) [0x00007FF7D483F39C]\n\t(No symbol) [0x00007FF7D4817153]\n\t(No symbol) [0x00007FF7D47E0421]\n\t(No symbol) [0x00007FF7D47E11B3]\n\tGetHandleVerifier [0x00007FF7D4CCD74D+3223469]\n\tGetHandleVerifier [0x00007FF7D4CC7CF2+3200338]\n\tGetHandleVerifier [0x00007FF7D4CE5B23+3322755]\n\tGetHandleVerifier [0x00007FF7D49E6A3A+180890]\n\tGetHandleVerifier [0x00007FF7D49EE13F+211359]\n\tGetHandleVerifier [0x00007FF7D49D52B4+109332]\n\tGetHandleVerifier [0x00007FF7D49D5462+109762]\n\tGetHandleVerifier [0x00007FF7D49BBA79+4825]\n\tBaseThreadInitThunk [0x00007FFD47AE7374+20]\n\tRtlUserThreadStart [0x00007FFD4857CC91+33]\n"}, "steps": [{"name": "SeleniumLibrary.Wait Until Element Is Visible", "status": "passed", "statusDetails": {}, "parameters": [{"name": "arg1", "value": "${locator}"}, {"name": "arg2", "value": "timeout=10s"}], "start": 1747822070195, "stop": 1747822070246}, {"name": "SeleniumLibrary.Click Element", "status": "failed", "statusDetails": {"message": "ElementClickInterceptedException: Message: element click intercepted: Element <button type=\"submit\" class=\"btn btn-primary btn-block fw-600\">...</button> is not clickable at point (675, 568). Other element would receive the click: <div class=\"pb-5 pt-4 px-5\">...</div>\n  (Session info: chrome=136.0.7103.114)\nStacktrace:\n\tGetHandleVerifier [0x00007FF7D49CCF65+75717]\n\tGetHandleVerifier [0x00007FF7D49CCFC0+75808]\n\t(No symbol) [0x00007FF7D4798F9A]\n\t(No symbol) [0x00007FF7D47F7439]\n\t(No symbol) [0x00007FF7D47F4DF2]\n\t(No symbol) [0x00007FF7D47F1EA1]\n\t(No symbol) [0x00007FF7D47F0DA1]\n\t(No symbol) [0x00007FF7D47E2394]\n\t(No symbol) [0x00007FF7D481737A]\n\t(No symbol) [0x00007FF7D47E1C46]\n\t(No symbol) [0x00007FF7D4817590]\n\t(No symbol) [0x00007FF7D483F39C]\n\t(No symbol) [0x00007FF7D4817153]\n\t(No symbol) [0x00007FF7D47E0421]\n\t(No symbol) [0x00007FF7D47E11B3]\n\tGetHandleVerifier [0x00007FF7D4CCD74D+3223469]\n\tGetHandleVerifier [0x00007FF7D4CC7CF2+3200338]\n\tGetHandleVerifier [0x00007FF7D4CE5B23+3322755]\n\tGetHandleVerifier [0x00007FF7D49E6A3A+180890]\n\tGetHandleVerifier [0x00007FF7D49EE13F+211359]\n\tGetHandleVerifier [0x00007FF7D49D52B4+109332]\n\tGetHandleVerifier [0x00007FF7D49D5462+109762]\n\tGetHandleVerifier [0x00007FF7D49BBA79+4825]\n\tBaseThreadInitThunk [0x00007FFD47AE7374+20]\n\tRtlUserThreadStart [0x00007FFD4857CC91+33]\n"}, "attachments": [{"name": "Keyword Log", "source": "0e71a221-9384-4283-8a94-070f457b3d1e-attachment.html", "type": "text/html"}], "parameters": [{"name": "arg1", "value": "${locator}"}], "start": 1747822070246, "stop": 1747822071630}, {"name": "BuiltIn.Sleep", "status": "skipped", "statusDetails": {"message": "ElementClickInterceptedException: Message: element click intercepted: Element <button type=\"submit\" class=\"btn btn-primary btn-block fw-600\">...</button> is not clickable at point (675, 568). Other element would receive the click: <div class=\"pb-5 pt-4 px-5\">...</div>\n  (Session info: chrome=136.0.7103.114)\nStacktrace:\n\tGetHandleVerifier [0x00007FF7D49CCF65+75717]\n\tGetHandleVerifier [0x00007FF7D49CCFC0+75808]\n\t(No symbol) [0x00007FF7D4798F9A]\n\t(No symbol) [0x00007FF7D47F7439]\n\t(No symbol) [0x00007FF7D47F4DF2]\n\t(No symbol) [0x00007FF7D47F1EA1]\n\t(No symbol) [0x00007FF7D47F0DA1]\n\t(No symbol) [0x00007FF7D47E2394]\n\t(No symbol) [0x00007FF7D481737A]\n\t(No symbol) [0x00007FF7D47E1C46]\n\t(No symbol) [0x00007FF7D4817590]\n\t(No symbol) [0x00007FF7D483F39C]\n\t(No symbol) [0x00007FF7D4817153]\n\t(No symbol) [0x00007FF7D47E0421]\n\t(No symbol) [0x00007FF7D47E11B3]\n\tGetHandleVerifier [0x00007FF7D4CCD74D+3223469]\n\tGetHandleVerifier [0x00007FF7D4CC7CF2+3200338]\n\tGetHandleVerifier [0x00007FF7D4CE5B23+3322755]\n\tGetHandleVerifier [0x00007FF7D49E6A3A+180890]\n\tGetHandleVerifier [0x00007FF7D49EE13F+211359]\n\tGetHandleVerifier [0x00007FF7D49D52B4+109332]\n\tGetHandleVerifier [0x00007FF7D49D5462+109762]\n\tGetHandleVerifier [0x00007FF7D49BBA79+4825]\n\tBaseThreadInitThunk [0x00007FFD47AE7374+20]\n\tRtlUserThreadStart [0x00007FFD4857CC91+33]\n"}, "parameters": [{"name": "arg1", "value": "${DELAY_MEDIUM}"}], "start": 1747822071630, "stop": 1747822071630}], "parameters": [{"name": "arg1", "value": "xpath=//button[normalize-space()=\"Login\"]"}], "start": 1747822070194, "stop": 1747822071631}, {"name": "common_keywords.clickButton", "status": "skipped", "statusDetails": {"message": "ElementClickInterceptedException: Message: element click intercepted: Element <button type=\"submit\" class=\"btn btn-primary btn-block fw-600\">...</button> is not clickable at point (675, 568). Other element would receive the click: <div class=\"pb-5 pt-4 px-5\">...</div>\n  (Session info: chrome=136.0.7103.114)\nStacktrace:\n\tGetHandleVerifier [0x00007FF7D49CCF65+75717]\n\tGetHandleVerifier [0x00007FF7D49CCFC0+75808]\n\t(No symbol) [0x00007FF7D4798F9A]\n\t(No symbol) [0x00007FF7D47F7439]\n\t(No symbol) [0x00007FF7D47F4DF2]\n\t(No symbol) [0x00007FF7D47F1EA1]\n\t(No symbol) [0x00007FF7D47F0DA1]\n\t(No symbol) [0x00007FF7D47E2394]\n\t(No symbol) [0x00007FF7D481737A]\n\t(No symbol) [0x00007FF7D47E1C46]\n\t(No symbol) [0x00007FF7D4817590]\n\t(No symbol) [0x00007FF7D483F39C]\n\t(No symbol) [0x00007FF7D4817153]\n\t(No symbol) [0x00007FF7D47E0421]\n\t(No symbol) [0x00007FF7D47E11B3]\n\tGetHandleVerifier [0x00007FF7D4CCD74D+3223469]\n\tGetHandleVerifier [0x00007FF7D4CC7CF2+3200338]\n\tGetHandleVerifier [0x00007FF7D4CE5B23+3322755]\n\tGetHandleVerifier [0x00007FF7D49E6A3A+180890]\n\tGetHandleVerifier [0x00007FF7D49EE13F+211359]\n\tGetHandleVerifier [0x00007FF7D49D52B4+109332]\n\tGetHandleVerifier [0x00007FF7D49D5462+109762]\n\tGetHandleVerifier [0x00007FF7D49BBA79+4825]\n\tBaseThreadInitThunk [0x00007FFD47AE7374+20]\n\tRtlUserThreadStart [0x00007FFD4857CC91+33]\n"}, "parameters": [{"name": "arg1", "value": "xpath=//button[@class=\"absolute-top-right bg-white shadow-lg btn btn-circle btn-icon mr-n3 mt-n3 set-session\"]"}], "start": 1747822071631, "stop": 1747822071632}, {"name": "BuiltIn.Run Keyword If", "status": "skipped", "statusDetails": {"message": "ElementClickInterceptedException: Message: element click intercepted: Element <button type=\"submit\" class=\"btn btn-primary btn-block fw-600\">...</button> is not clickable at point (675, 568). Other element would receive the click: <div class=\"pb-5 pt-4 px-5\">...</div>\n  (Session info: chrome=136.0.7103.114)\nStacktrace:\n\tGetHandleVerifier [0x00007FF7D49CCF65+75717]\n\tGetHandleVerifier [0x00007FF7D49CCFC0+75808]\n\t(No symbol) [0x00007FF7D4798F9A]\n\t(No symbol) [0x00007FF7D47F7439]\n\t(No symbol) [0x00007FF7D47F4DF2]\n\t(No symbol) [0x00007FF7D47F1EA1]\n\t(No symbol) [0x00007FF7D47F0DA1]\n\t(No symbol) [0x00007FF7D47E2394]\n\t(No symbol) [0x00007FF7D481737A]\n\t(No symbol) [0x00007FF7D47E1C46]\n\t(No symbol) [0x00007FF7D4817590]\n\t(No symbol) [0x00007FF7D483F39C]\n\t(No symbol) [0x00007FF7D4817153]\n\t(No symbol) [0x00007FF7D47E0421]\n\t(No symbol) [0x00007FF7D47E11B3]\n\tGetHandleVerifier [0x00007FF7D4CCD74D+3223469]\n\tGetHandleVerifier [0x00007FF7D4CC7CF2+3200338]\n\tGetHandleVerifier [0x00007FF7D4CE5B23+3322755]\n\tGetHandleVerifier [0x00007FF7D49E6A3A+180890]\n\tGetHandleVerifier [0x00007FF7D49EE13F+211359]\n\tGetHandleVerifier [0x00007FF7D49D52B4+109332]\n\tGetHandleVerifier [0x00007FF7D49D5462+109762]\n\tGetHandleVerifier [0x00007FF7D49BBA79+4825]\n\tBaseThreadInitThunk [0x00007FFD47AE7374+20]\n\tRtlUserThreadStart [0x00007FFD4857CC91+33]\n"}, "parameters": [{"name": "arg1", "value": "\"${expected_url}\" != \"\""}, {"name": "arg2", "value": "verifyCurrentUrl"}, {"name": "arg3", "value": "${expected_url}"}], "start": 1747822071632, "stop": 1747822071632}, {"name": "BuiltIn.Run Keyword If", "status": "skipped", "statusDetails": {"message": "ElementClickInterceptedException: Message: element click intercepted: Element <button type=\"submit\" class=\"btn btn-primary btn-block fw-600\">...</button> is not clickable at point (675, 568). Other element would receive the click: <div class=\"pb-5 pt-4 px-5\">...</div>\n  (Session info: chrome=136.0.7103.114)\nStacktrace:\n\tGetHandleVerifier [0x00007FF7D49CCF65+75717]\n\tGetHandleVerifier [0x00007FF7D49CCFC0+75808]\n\t(No symbol) [0x00007FF7D4798F9A]\n\t(No symbol) [0x00007FF7D47F7439]\n\t(No symbol) [0x00007FF7D47F4DF2]\n\t(No symbol) [0x00007FF7D47F1EA1]\n\t(No symbol) [0x00007FF7D47F0DA1]\n\t(No symbol) [0x00007FF7D47E2394]\n\t(No symbol) [0x00007FF7D481737A]\n\t(No symbol) [0x00007FF7D47E1C46]\n\t(No symbol) [0x00007FF7D4817590]\n\t(No symbol) [0x00007FF7D483F39C]\n\t(No symbol) [0x00007FF7D4817153]\n\t(No symbol) [0x00007FF7D47E0421]\n\t(No symbol) [0x00007FF7D47E11B3]\n\tGetHandleVerifier [0x00007FF7D4CCD74D+3223469]\n\tGetHandleVerifier [0x00007FF7D4CC7CF2+3200338]\n\tGetHandleVerifier [0x00007FF7D4CE5B23+3322755]\n\tGetHandleVerifier [0x00007FF7D49E6A3A+180890]\n\tGetHandleVerifier [0x00007FF7D49EE13F+211359]\n\tGetHandleVerifier [0x00007FF7D49D52B4+109332]\n\tGetHandleVerifier [0x00007FF7D49D5462+109762]\n\tGetHandleVerifier [0x00007FF7D49BBA79+4825]\n\tBaseThreadInitThunk [0x00007FFD47AE7374+20]\n\tRtlUserThreadStart [0x00007FFD4857CC91+33]\n"}, "parameters": [{"name": "arg1", "value": "\"${logout_url}\" != \"\""}, {"name": "arg2", "value": "getUrl"}, {"name": "arg3", "value": "${logout_url}"}], "start": 1747822071633, "stop": 1747822071633}, {"name": "common_keywords.Sleep After Test", "status": "skipped", "statusDetails": {"message": "ElementClickInterceptedException: Message: element click intercepted: Element <button type=\"submit\" class=\"btn btn-primary btn-block fw-600\">...</button> is not clickable at point (675, 568). Other element would receive the click: <div class=\"pb-5 pt-4 px-5\">...</div>\n  (Session info: chrome=136.0.7103.114)\nStacktrace:\n\tGetHandleVerifier [0x00007FF7D49CCF65+75717]\n\tGetHandleVerifier [0x00007FF7D49CCFC0+75808]\n\t(No symbol) [0x00007FF7D4798F9A]\n\t(No symbol) [0x00007FF7D47F7439]\n\t(No symbol) [0x00007FF7D47F4DF2]\n\t(No symbol) [0x00007FF7D47F1EA1]\n\t(No symbol) [0x00007FF7D47F0DA1]\n\t(No symbol) [0x00007FF7D47E2394]\n\t(No symbol) [0x00007FF7D481737A]\n\t(No symbol) [0x00007FF7D47E1C46]\n\t(No symbol) [0x00007FF7D4817590]\n\t(No symbol) [0x00007FF7D483F39C]\n\t(No symbol) [0x00007FF7D4817153]\n\t(No symbol) [0x00007FF7D47E0421]\n\t(No symbol) [0x00007FF7D47E11B3]\n\tGetHandleVerifier [0x00007FF7D4CCD74D+3223469]\n\tGetHandleVerifier [0x00007FF7D4CC7CF2+3200338]\n\tGetHandleVerifier [0x00007FF7D4CE5B23+3322755]\n\tGetHandleVerifier [0x00007FF7D49E6A3A+180890]\n\tGetHandleVerifier [0x00007FF7D49EE13F+211359]\n\tGetHandleVerifier [0x00007FF7D49D52B4+109332]\n\tGetHandleVerifier [0x00007FF7D49D5462+109762]\n\tGetHandleVerifier [0x00007FF7D49BBA79+4825]\n\tBaseThreadInitThunk [0x00007FFD47AE7374+20]\n\tRtlUserThreadStart [0x00007FFD4857CC91+33]\n"}, "start": 1747822071633, "stop": 1747822071634}, {"name": "SeleniumLibrary.Close Browser", "status": "skipped", "statusDetails": {"message": "ElementClickInterceptedException: Message: element click intercepted: Element <button type=\"submit\" class=\"btn btn-primary btn-block fw-600\">...</button> is not clickable at point (675, 568). Other element would receive the click: <div class=\"pb-5 pt-4 px-5\">...</div>\n  (Session info: chrome=136.0.7103.114)\nStacktrace:\n\tGetHandleVerifier [0x00007FF7D49CCF65+75717]\n\tGetHandleVerifier [0x00007FF7D49CCFC0+75808]\n\t(No symbol) [0x00007FF7D4798F9A]\n\t(No symbol) [0x00007FF7D47F7439]\n\t(No symbol) [0x00007FF7D47F4DF2]\n\t(No symbol) [0x00007FF7D47F1EA1]\n\t(No symbol) [0x00007FF7D47F0DA1]\n\t(No symbol) [0x00007FF7D47E2394]\n\t(No symbol) [0x00007FF7D481737A]\n\t(No symbol) [0x00007FF7D47E1C46]\n\t(No symbol) [0x00007FF7D4817590]\n\t(No symbol) [0x00007FF7D483F39C]\n\t(No symbol) [0x00007FF7D4817153]\n\t(No symbol) [0x00007FF7D47E0421]\n\t(No symbol) [0x00007FF7D47E11B3]\n\tGetHandleVerifier [0x00007FF7D4CCD74D+3223469]\n\tGetHandleVerifier [0x00007FF7D4CC7CF2+3200338]\n\tGetHandleVerifier [0x00007FF7D4CE5B23+3322755]\n\tGetHandleVerifier [0x00007FF7D49E6A3A+180890]\n\tGetHandleVerifier [0x00007FF7D49EE13F+211359]\n\tGetHandleVerifier [0x00007FF7D49D52B4+109332]\n\tGetHandleVerifier [0x00007FF7D49D5462+109762]\n\tGetHandleVerifier [0x00007FF7D49BBA79+4825]\n\tBaseThreadInitThunk [0x00007FFD47AE7374+20]\n\tRtlUserThreadStart [0x00007FFD4857CC91+33]\n"}, "start": 1747822071634, "stop": 1747822071634}], "parameters": [{"name": "arg1", "value": "customer2025@gmail.com"}, {"name": "arg2", "value": "123456"}, {"name": "arg3", "value": "https://cms.anhtester.com/dashboard"}, {"name": "arg4", "value": "https://cms.anhtester.com/logout"}], "start": 1747822058145, "stop": 1747822071635}], "start": 1747822058144, "stop": 1747822071655, "uuid": "1805bb01-96f1-47b6-b7d2-4c70f35e40c6", "historyId": "d019cc7713d1d2b4edf082b1d0263751", "fullName": "Login Tests Data Json.L_2", "labels": [{"name": "suite", "value": "Login Tests Data Json"}, {"name": "framework", "value": "robotframework"}, {"name": "language", "value": "cpython3"}, {"name": "host", "value": "DESKTOP-A0BCC69"}, {"name": "thread", "value": "default-2dabccf2-33e4-4851-980f-f6a44067945c"}]}