{"name": "L_2", "status": "failed", "statusDetails": {"message": "ElementClickInterceptedException: Message: element click intercepted: Element <button type=\"submit\" class=\"btn btn-primary btn-block fw-600\">...</button> is not clickable at point (675, 568). Other element would receive the click: <div class=\"pb-5 pt-4 px-5\">...</div>\n  (Session info: chrome=136.0.7103.114)\nStacktrace:\n\tGetHandleVerifier [0x00007FF7D49CCF65+75717]\n\tGetHandleVerifier [0x00007FF7D49CCFC0+75808]\n\t(No symbol) [0x00007FF7D4798F9A]\n\t(No symbol) [0x00007FF7D47F7439]\n\t(No symbol) [0x00007FF7D47F4DF2]\n\t(No symbol) [0x00007FF7D47F1EA1]\n\t(No symbol) [0x00007FF7D47F0DA1]\n\t(No symbol) [0x00007FF7D47E2394]\n\t(No symbol) [0x00007FF7D481737A]\n\t(No symbol) [0x00007FF7D47E1C46]\n\t(No symbol) [0x00007FF7D4817590]\n\t(No symbol) [0x00007FF7D483F39C]\n\t(No symbol) [0x00007FF7D4817153]\n\t(No symbol) [0x00007FF7D47E0421]\n\t(No symbol) [0x00007FF7D47E11B3]\n\tGetHandleVerifier [0x00007FF7D4CCD74D+3223469]\n\tGetHandleVerifier [0x00007FF7D4CC7CF2+3200338]\n\tGetHandleVerifier [0x00007FF7D4CE5B23+3322755]\n\tGetHandleVerifier [0x00007FF7D49E6A3A+180890]\n\tGetHandleVerifier [0x00007FF7D49EE13F+211359]\n\tGetHandleVerifier [0x00007FF7D49D52B4+109332]\n\tGetHandleVerifier [0x00007FF7D49D5462+109762]\n\tGetHandleVerifier [0x00007FF7D49BBA79+4825]\n\tBaseThreadInitThunk [0x00007FFD47AE7374+20]\n\tRtlUserThreadStart [0x00007FFD4857CC91+33]\n"}, "steps": [{"name": "Login With User", "status": "failed", "statusDetails": {"message": "ElementClickInterceptedException: Message: element click intercepted: Element <button type=\"submit\" class=\"btn btn-primary btn-block fw-600\">...</button> is not clickable at point (675, 568). Other element would receive the click: <div class=\"pb-5 pt-4 px-5\">...</div>\n  (Session info: chrome=136.0.7103.114)\nStacktrace:\n\tGetHandleVerifier [0x00007FF7D49CCF65+75717]\n\tGetHandleVerifier [0x00007FF7D49CCFC0+75808]\n\t(No symbol) [0x00007FF7D4798F9A]\n\t(No symbol) [0x00007FF7D47F7439]\n\t(No symbol) [0x00007FF7D47F4DF2]\n\t(No symbol) [0x00007FF7D47F1EA1]\n\t(No symbol) [0x00007FF7D47F0DA1]\n\t(No symbol) [0x00007FF7D47E2394]\n\t(No symbol) [0x00007FF7D481737A]\n\t(No symbol) [0x00007FF7D47E1C46]\n\t(No symbol) [0x00007FF7D4817590]\n\t(No symbol) [0x00007FF7D483F39C]\n\t(No symbol) [0x00007FF7D4817153]\n\t(No symbol) [0x00007FF7D47E0421]\n\t(No symbol) [0x00007FF7D47E11B3]\n\tGetHandleVerifier [0x00007FF7D4CCD74D+3223469]\n\tGetHandleVerifier [0x00007FF7D4CC7CF2+3200338]\n\tGetHandleVerifier [0x00007FF7D4CE5B23+3322755]\n\tGetHandleVerifier [0x00007FF7D49E6A3A+180890]\n\tGetHandleVerifier [0x00007FF7D49EE13F+211359]\n\tGetHandleVerifier [0x00007FF7D49D52B4+109332]\n\tGetHandleVerifier [0x00007FF7D49D5462+109762]\n\tGetHandleVerifier [0x00007FF7D49BBA79+4825]\n\tBaseThreadInitThunk [0x00007FFD47AE7374+20]\n\tRtlUserThreadStart [0x00007FFD4857CC91+33]\n"}, "steps": [{"name": "common_keywords.Open Chrome Browser", "status": "passed", "statusDetails": {}, "steps": [{"name": "BuiltIn.Log", "status": "passed", "statusDetails": {}, "attachments": [{"name": "Keyword Log", "source": "97da34da-97b6-4464-9aad-f09485783723-attachment.html", "type": "text/html"}], "parameters": [{"name": "arg1", "value": "Starting to open Chrome browser"}, {"name": "arg2", "value": "level=INFO"}], "start": 1747822189637, "stop": 1747822189639}, {"name": "BuiltIn.Evaluate", "status": "passed", "statusDetails": {}, "attachments": [{"name": "Keyword Log", "source": "3e8c5f4c-1e02-4a6e-a5bb-3e216882c598-attachment.html", "type": "text/html"}], "parameters": [{"name": "arg1", "value": "sys.modules['selenium.webdriver'].ChromeOptions()"}, {"name": "arg2", "value": "modules=sys"}], "start": 1747822189639, "stop": 1747822189641}, {"name": "BuiltIn.Run Keyword And Ignore Error", "status": "passed", "statusDetails": {}, "steps": [{"name": "BuiltIn.Call Method", "status": "passed", "statusDetails": {}, "parameters": [{"name": "arg1", "value": "${chrome_options}"}, {"name": "arg2", "value": "add_argument"}, {"name": "arg3", "value": "--disable-notifications"}], "start": 1747822189642, "stop": 1747822189643}], "parameters": [{"name": "arg1", "value": "Call Method"}, {"name": "arg2", "value": "${chrome_options}"}, {"name": "arg3", "value": "add_argument"}, {"name": "arg4", "value": "--disable-notifications"}], "start": 1747822189642, "stop": 1747822189643}, {"name": "BuiltIn.Run Keyword And Ignore Error", "status": "passed", "statusDetails": {}, "steps": [{"name": "BuiltIn.Call Method", "status": "failed", "statusDetails": {"message": "Calling method 'add_argument' failed: TypeError: ArgOptions.add_argument() got an unexpected keyword argument '--password-store'"}, "attachments": [{"name": "Keyword Log", "source": "565d8697-e137-41a8-943d-2e1c55e3d67b-attachment.html", "type": "text/html"}], "parameters": [{"name": "arg1", "value": "${chrome_options}"}, {"name": "arg2", "value": "add_argument"}, {"name": "arg3", "value": "--password-store=basic"}], "start": 1747822189644, "stop": 1747822189646}], "parameters": [{"name": "arg1", "value": "Call Method"}, {"name": "arg2", "value": "${chrome_options}"}, {"name": "arg3", "value": "add_argument"}, {"name": "arg4", "value": "--password-store=basic"}], "start": 1747822189643, "stop": 1747822189646}, {"name": "BuiltIn.Run Keyword And Ignore Error", "status": "passed", "statusDetails": {}, "steps": [{"name": "BuiltIn.Call Method", "status": "failed", "statusDetails": {"message": "Calling method 'add_argument' failed: TypeError: ArgOptions.add_argument() got an unexpected keyword argument '--disable-features'"}, "attachments": [{"name": "Keyword Log", "source": "df2e167d-ae12-4f08-ac08-3ba75bfb7358-attachment.html", "type": "text/html"}], "parameters": [{"name": "arg1", "value": "${chrome_options}"}, {"name": "arg2", "value": "add_argument"}, {"name": "arg3", "value": "--disable-features=PasswordManagerEnabled,PasswordLeakDetection,SafetyCheck,PasswordCheckup"}], "start": 1747822189647, "stop": 1747822189665}], "parameters": [{"name": "arg1", "value": "Call Method"}, {"name": "arg2", "value": "${chrome_options}"}, {"name": "arg3", "value": "add_argument"}, {"name": "arg4", "value": "--disable-features=PasswordManagerEnabled,PasswordLeakDetection,SafetyCheck,PasswordCheckup"}], "start": 1747822189647, "stop": 1747822189666}, {"name": "BuiltIn.Run Keyword And Ignore Error", "status": "passed", "statusDetails": {}, "steps": [{"name": "BuiltIn.Call Method", "status": "passed", "statusDetails": {}, "parameters": [{"name": "arg1", "value": "${chrome_options}"}, {"name": "arg2", "value": "add_argument"}, {"name": "arg3", "value": "--incognito"}], "start": 1747822189667, "stop": 1747822189667}], "parameters": [{"name": "arg1", "value": "Call Method"}, {"name": "arg2", "value": "${chrome_options}"}, {"name": "arg3", "value": "add_argument"}, {"name": "arg4", "value": "--incognito"}], "start": 1747822189666, "stop": 1747822189667}, {"name": "BuiltIn.Run Keyword And Ignore Error", "status": "passed", "statusDetails": {}, "steps": [{"name": "BuiltIn.Call Method", "status": "passed", "statusDetails": {}, "parameters": [{"name": "arg1", "value": "${chrome_options}"}, {"name": "arg2", "value": "add_argument"}, {"name": "arg3", "value": "--flag-switches-begin"}], "start": 1747822189668, "stop": 1747822189668}], "parameters": [{"name": "arg1", "value": "Call Method"}, {"name": "arg2", "value": "${chrome_options}"}, {"name": "arg3", "value": "add_argument"}, {"name": "arg4", "value": "--flag-switches-begin"}], "start": 1747822189667, "stop": 1747822189668}, {"name": "BuiltIn.Run Keyword And Ignore Error", "status": "passed", "statusDetails": {}, "steps": [{"name": "BuiltIn.Call Method", "status": "passed", "statusDetails": {}, "parameters": [{"name": "arg1", "value": "${chrome_options}"}, {"name": "arg2", "value": "add_argument"}, {"name": "arg3", "value": "--disable-password-manager"}], "start": 1747822189669, "stop": 1747822189669}], "parameters": [{"name": "arg1", "value": "Call Method"}, {"name": "arg2", "value": "${chrome_options}"}, {"name": "arg3", "value": "add_argument"}, {"name": "arg4", "value": "--disable-password-manager"}], "start": 1747822189668, "stop": 1747822189669}, {"name": "BuiltIn.Run Keyword And Ignore Error", "status": "passed", "statusDetails": {}, "steps": [{"name": "BuiltIn.Call Method", "status": "passed", "statusDetails": {}, "parameters": [{"name": "arg1", "value": "${chrome_options}"}, {"name": "arg2", "value": "add_argument"}, {"name": "arg3", "value": "--flag-switches-end"}], "start": 1747822189669, "stop": 1747822189670}], "parameters": [{"name": "arg1", "value": "Call Method"}, {"name": "arg2", "value": "${chrome_options}"}, {"name": "arg3", "value": "add_argument"}, {"name": "arg4", "value": "--flag-switches-end"}], "start": 1747822189669, "stop": 1747822189670}, {"name": "BuiltIn.Log", "status": "passed", "statusDetails": {}, "attachments": [{"name": "Keyword Log", "source": "f8301c8c-2dc2-4023-9a9d-e96a72258053-attachment.html", "type": "text/html"}], "parameters": [{"name": "arg1", "value": "Chrome options set: ${chrome_options}"}, {"name": "arg2", "value": "level=INFO"}], "start": 1747822189670, "stop": 1747822189671}, {"name": "BuiltIn.Run Keyword And Ignore Error", "status": "passed", "statusDetails": {}, "steps": [{"name": "SeleniumLibrary.Open Browser", "status": "passed", "statusDetails": {}, "attachments": [{"name": "Keyword Log", "source": "cc5edd37-1914-4914-8d4d-79dc6aead3c2-attachment.html", "type": "text/html"}], "parameters": [{"name": "arg1", "value": "about:blank"}, {"name": "arg2", "value": "chrome"}, {"name": "arg3", "value": "options=${chrome_options}"}], "start": 1747822189672, "stop": 1747822192006}], "parameters": [{"name": "arg1", "value": "Open Browser"}, {"name": "arg2", "value": "about:blank"}, {"name": "arg3", "value": "chrome"}, {"name": "arg4", "value": "options=${chrome_options}"}], "start": 1747822189672, "stop": 1747822192006}, {"name": "BuiltIn.Log", "status": "passed", "statusDetails": {}, "attachments": [{"name": "Keyword Log", "source": "b5735768-c824-491e-9255-3ca847a716d3-attachment.html", "type": "text/html"}], "parameters": [{"name": "arg1", "value": "Browser opened successfully"}, {"name": "arg2", "value": "level=INFO"}], "start": 1747822192007, "stop": 1747822192029}, {"name": "SeleniumLibrary.Maximize Browser Window", "status": "passed", "statusDetails": {}, "start": 1747822192030, "stop": 1747822192111}], "start": 1747822189636, "stop": 1747822192112}, {"name": "common_keywords.getUrl", "status": "passed", "statusDetails": {}, "steps": [{"name": "SeleniumLibrary.Go To", "status": "passed", "statusDetails": {}, "attachments": [{"name": "Keyword Log", "source": "8f3759af-7d8a-43cb-9934-340dce1135a7-attachment.html", "type": "text/html"}], "parameters": [{"name": "arg1", "value": "${url}"}], "start": 1747822192114, "stop": 1747822193416}, {"name": "BuiltIn.Sleep", "status": "passed", "statusDetails": {}, "attachments": [{"name": "Keyword Log", "source": "340bf021-231a-4738-b90d-91789faa9a38-attachment.html", "type": "text/html"}], "parameters": [{"name": "arg1", "value": "${DELAY_MEDIUM}"}], "start": 1747822193416, "stop": 1747822196419}], "parameters": [{"name": "arg1", "value": "https://cms.anhtester.com/users/login"}], "start": 1747822192113, "stop": 1747822196420}, {"name": "common_keywords.enterText", "status": "passed", "statusDetails": {}, "steps": [{"name": "SeleniumLibrary.Wait Until Element Is Visible", "status": "passed", "statusDetails": {}, "parameters": [{"name": "arg1", "value": "${locator}"}, {"name": "arg2", "value": "timeout=10s"}], "start": 1747822196421, "stop": 1747822196468}, {"name": "SeleniumLibrary.Input Text", "status": "passed", "statusDetails": {}, "attachments": [{"name": "Keyword Log", "source": "42a28a42-b49f-4dba-9948-199051821699-attachment.html", "type": "text/html"}], "parameters": [{"name": "arg1", "value": "${locator}"}, {"name": "arg2", "value": "${text}"}], "start": 1747822196468, "stop": 1747822196654}, {"name": "BuiltIn.Sleep", "status": "passed", "statusDetails": {}, "attachments": [{"name": "Keyword Log", "source": "a2aa7d1c-5c42-4e34-883f-c4c592c13519-attachment.html", "type": "text/html"}], "parameters": [{"name": "arg1", "value": "${DELAY_FAST}"}], "start": 1747822196654, "stop": 1747822197657}], "parameters": [{"name": "arg1", "value": "xpath=//input[@id=\"email\"]"}, {"name": "arg2", "value": "${username}"}], "start": 1747822196421, "stop": 1747822197657}, {"name": "common_keywords.enterText", "status": "passed", "statusDetails": {}, "steps": [{"name": "SeleniumLibrary.Wait Until Element Is Visible", "status": "passed", "statusDetails": {}, "parameters": [{"name": "arg1", "value": "${locator}"}, {"name": "arg2", "value": "timeout=10s"}], "start": 1747822197659, "stop": 1747822197711}, {"name": "SeleniumLibrary.Input Text", "status": "passed", "statusDetails": {}, "attachments": [{"name": "Keyword Log", "source": "a005e2aa-01bb-47eb-bb8e-ee0ef2674fe7-attachment.html", "type": "text/html"}], "parameters": [{"name": "arg1", "value": "${locator}"}, {"name": "arg2", "value": "${text}"}], "start": 1747822197711, "stop": 1747822197806}, {"name": "BuiltIn.Sleep", "status": "passed", "statusDetails": {}, "attachments": [{"name": "Keyword Log", "source": "f81df848-3e44-4afd-b4f4-b9624875faac-attachment.html", "type": "text/html"}], "parameters": [{"name": "arg1", "value": "${DELAY_FAST}"}], "start": 1747822197807, "stop": 1747822198809}], "parameters": [{"name": "arg1", "value": "xpath=//input[@id=\"password\"]"}, {"name": "arg2", "value": "${password}"}], "start": 1747822197658, "stop": 1747822198810}, {"name": "common_keywords.clickButton", "status": "failed", "statusDetails": {"message": "ElementClickInterceptedException: Message: element click intercepted: Element <button type=\"submit\" class=\"btn btn-primary btn-block fw-600\">...</button> is not clickable at point (675, 568). Other element would receive the click: <div class=\"pb-5 pt-4 px-5\">...</div>\n  (Session info: chrome=136.0.7103.114)\nStacktrace:\n\tGetHandleVerifier [0x00007FF7D49CCF65+75717]\n\tGetHandleVerifier [0x00007FF7D49CCFC0+75808]\n\t(No symbol) [0x00007FF7D4798F9A]\n\t(No symbol) [0x00007FF7D47F7439]\n\t(No symbol) [0x00007FF7D47F4DF2]\n\t(No symbol) [0x00007FF7D47F1EA1]\n\t(No symbol) [0x00007FF7D47F0DA1]\n\t(No symbol) [0x00007FF7D47E2394]\n\t(No symbol) [0x00007FF7D481737A]\n\t(No symbol) [0x00007FF7D47E1C46]\n\t(No symbol) [0x00007FF7D4817590]\n\t(No symbol) [0x00007FF7D483F39C]\n\t(No symbol) [0x00007FF7D4817153]\n\t(No symbol) [0x00007FF7D47E0421]\n\t(No symbol) [0x00007FF7D47E11B3]\n\tGetHandleVerifier [0x00007FF7D4CCD74D+3223469]\n\tGetHandleVerifier [0x00007FF7D4CC7CF2+3200338]\n\tGetHandleVerifier [0x00007FF7D4CE5B23+3322755]\n\tGetHandleVerifier [0x00007FF7D49E6A3A+180890]\n\tGetHandleVerifier [0x00007FF7D49EE13F+211359]\n\tGetHandleVerifier [0x00007FF7D49D52B4+109332]\n\tGetHandleVerifier [0x00007FF7D49D5462+109762]\n\tGetHandleVerifier [0x00007FF7D49BBA79+4825]\n\tBaseThreadInitThunk [0x00007FFD47AE7374+20]\n\tRtlUserThreadStart [0x00007FFD4857CC91+33]\n"}, "steps": [{"name": "SeleniumLibrary.Wait Until Element Is Visible", "status": "passed", "statusDetails": {}, "parameters": [{"name": "arg1", "value": "${locator}"}, {"name": "arg2", "value": "timeout=10s"}], "start": 1747822198811, "stop": 1747822198841}, {"name": "SeleniumLibrary.Click Element", "status": "failed", "statusDetails": {"message": "ElementClickInterceptedException: Message: element click intercepted: Element <button type=\"submit\" class=\"btn btn-primary btn-block fw-600\">...</button> is not clickable at point (675, 568). Other element would receive the click: <div class=\"pb-5 pt-4 px-5\">...</div>\n  (Session info: chrome=136.0.7103.114)\nStacktrace:\n\tGetHandleVerifier [0x00007FF7D49CCF65+75717]\n\tGetHandleVerifier [0x00007FF7D49CCFC0+75808]\n\t(No symbol) [0x00007FF7D4798F9A]\n\t(No symbol) [0x00007FF7D47F7439]\n\t(No symbol) [0x00007FF7D47F4DF2]\n\t(No symbol) [0x00007FF7D47F1EA1]\n\t(No symbol) [0x00007FF7D47F0DA1]\n\t(No symbol) [0x00007FF7D47E2394]\n\t(No symbol) [0x00007FF7D481737A]\n\t(No symbol) [0x00007FF7D47E1C46]\n\t(No symbol) [0x00007FF7D4817590]\n\t(No symbol) [0x00007FF7D483F39C]\n\t(No symbol) [0x00007FF7D4817153]\n\t(No symbol) [0x00007FF7D47E0421]\n\t(No symbol) [0x00007FF7D47E11B3]\n\tGetHandleVerifier [0x00007FF7D4CCD74D+3223469]\n\tGetHandleVerifier [0x00007FF7D4CC7CF2+3200338]\n\tGetHandleVerifier [0x00007FF7D4CE5B23+3322755]\n\tGetHandleVerifier [0x00007FF7D49E6A3A+180890]\n\tGetHandleVerifier [0x00007FF7D49EE13F+211359]\n\tGetHandleVerifier [0x00007FF7D49D52B4+109332]\n\tGetHandleVerifier [0x00007FF7D49D5462+109762]\n\tGetHandleVerifier [0x00007FF7D49BBA79+4825]\n\tBaseThreadInitThunk [0x00007FFD47AE7374+20]\n\tRtlUserThreadStart [0x00007FFD4857CC91+33]\n"}, "attachments": [{"name": "Keyword Log", "source": "35e61e76-e5c2-4216-9cd5-bb8598fd2832-attachment.html", "type": "text/html"}], "parameters": [{"name": "arg1", "value": "${locator}"}], "start": 1747822198842, "stop": 1747822200419}, {"name": "BuiltIn.Sleep", "status": "skipped", "statusDetails": {"message": "ElementClickInterceptedException: Message: element click intercepted: Element <button type=\"submit\" class=\"btn btn-primary btn-block fw-600\">...</button> is not clickable at point (675, 568). Other element would receive the click: <div class=\"pb-5 pt-4 px-5\">...</div>\n  (Session info: chrome=136.0.7103.114)\nStacktrace:\n\tGetHandleVerifier [0x00007FF7D49CCF65+75717]\n\tGetHandleVerifier [0x00007FF7D49CCFC0+75808]\n\t(No symbol) [0x00007FF7D4798F9A]\n\t(No symbol) [0x00007FF7D47F7439]\n\t(No symbol) [0x00007FF7D47F4DF2]\n\t(No symbol) [0x00007FF7D47F1EA1]\n\t(No symbol) [0x00007FF7D47F0DA1]\n\t(No symbol) [0x00007FF7D47E2394]\n\t(No symbol) [0x00007FF7D481737A]\n\t(No symbol) [0x00007FF7D47E1C46]\n\t(No symbol) [0x00007FF7D4817590]\n\t(No symbol) [0x00007FF7D483F39C]\n\t(No symbol) [0x00007FF7D4817153]\n\t(No symbol) [0x00007FF7D47E0421]\n\t(No symbol) [0x00007FF7D47E11B3]\n\tGetHandleVerifier [0x00007FF7D4CCD74D+3223469]\n\tGetHandleVerifier [0x00007FF7D4CC7CF2+3200338]\n\tGetHandleVerifier [0x00007FF7D4CE5B23+3322755]\n\tGetHandleVerifier [0x00007FF7D49E6A3A+180890]\n\tGetHandleVerifier [0x00007FF7D49EE13F+211359]\n\tGetHandleVerifier [0x00007FF7D49D52B4+109332]\n\tGetHandleVerifier [0x00007FF7D49D5462+109762]\n\tGetHandleVerifier [0x00007FF7D49BBA79+4825]\n\tBaseThreadInitThunk [0x00007FFD47AE7374+20]\n\tRtlUserThreadStart [0x00007FFD4857CC91+33]\n"}, "parameters": [{"name": "arg1", "value": "${DELAY_MEDIUM}"}], "start": 1747822200422, "stop": 1747822200430}], "parameters": [{"name": "arg1", "value": "xpath=//button[normalize-space()=\"Login\"]"}], "start": 1747822198811, "stop": 1747822200432}, {"name": "common_keywords.clickButton", "status": "skipped", "statusDetails": {"message": "ElementClickInterceptedException: Message: element click intercepted: Element <button type=\"submit\" class=\"btn btn-primary btn-block fw-600\">...</button> is not clickable at point (675, 568). Other element would receive the click: <div class=\"pb-5 pt-4 px-5\">...</div>\n  (Session info: chrome=136.0.7103.114)\nStacktrace:\n\tGetHandleVerifier [0x00007FF7D49CCF65+75717]\n\tGetHandleVerifier [0x00007FF7D49CCFC0+75808]\n\t(No symbol) [0x00007FF7D4798F9A]\n\t(No symbol) [0x00007FF7D47F7439]\n\t(No symbol) [0x00007FF7D47F4DF2]\n\t(No symbol) [0x00007FF7D47F1EA1]\n\t(No symbol) [0x00007FF7D47F0DA1]\n\t(No symbol) [0x00007FF7D47E2394]\n\t(No symbol) [0x00007FF7D481737A]\n\t(No symbol) [0x00007FF7D47E1C46]\n\t(No symbol) [0x00007FF7D4817590]\n\t(No symbol) [0x00007FF7D483F39C]\n\t(No symbol) [0x00007FF7D4817153]\n\t(No symbol) [0x00007FF7D47E0421]\n\t(No symbol) [0x00007FF7D47E11B3]\n\tGetHandleVerifier [0x00007FF7D4CCD74D+3223469]\n\tGetHandleVerifier [0x00007FF7D4CC7CF2+3200338]\n\tGetHandleVerifier [0x00007FF7D4CE5B23+3322755]\n\tGetHandleVerifier [0x00007FF7D49E6A3A+180890]\n\tGetHandleVerifier [0x00007FF7D49EE13F+211359]\n\tGetHandleVerifier [0x00007FF7D49D52B4+109332]\n\tGetHandleVerifier [0x00007FF7D49D5462+109762]\n\tGetHandleVerifier [0x00007FF7D49BBA79+4825]\n\tBaseThreadInitThunk [0x00007FFD47AE7374+20]\n\tRtlUserThreadStart [0x00007FFD4857CC91+33]\n"}, "parameters": [{"name": "arg1", "value": "xpath=//button[@class=\"absolute-top-right bg-white shadow-lg btn btn-circle btn-icon mr-n3 mt-n3 set-session\"]"}], "start": 1747822200433, "stop": 1747822200433}, {"name": "BuiltIn.Run Keyword If", "status": "skipped", "statusDetails": {"message": "ElementClickInterceptedException: Message: element click intercepted: Element <button type=\"submit\" class=\"btn btn-primary btn-block fw-600\">...</button> is not clickable at point (675, 568). Other element would receive the click: <div class=\"pb-5 pt-4 px-5\">...</div>\n  (Session info: chrome=136.0.7103.114)\nStacktrace:\n\tGetHandleVerifier [0x00007FF7D49CCF65+75717]\n\tGetHandleVerifier [0x00007FF7D49CCFC0+75808]\n\t(No symbol) [0x00007FF7D4798F9A]\n\t(No symbol) [0x00007FF7D47F7439]\n\t(No symbol) [0x00007FF7D47F4DF2]\n\t(No symbol) [0x00007FF7D47F1EA1]\n\t(No symbol) [0x00007FF7D47F0DA1]\n\t(No symbol) [0x00007FF7D47E2394]\n\t(No symbol) [0x00007FF7D481737A]\n\t(No symbol) [0x00007FF7D47E1C46]\n\t(No symbol) [0x00007FF7D4817590]\n\t(No symbol) [0x00007FF7D483F39C]\n\t(No symbol) [0x00007FF7D4817153]\n\t(No symbol) [0x00007FF7D47E0421]\n\t(No symbol) [0x00007FF7D47E11B3]\n\tGetHandleVerifier [0x00007FF7D4CCD74D+3223469]\n\tGetHandleVerifier [0x00007FF7D4CC7CF2+3200338]\n\tGetHandleVerifier [0x00007FF7D4CE5B23+3322755]\n\tGetHandleVerifier [0x00007FF7D49E6A3A+180890]\n\tGetHandleVerifier [0x00007FF7D49EE13F+211359]\n\tGetHandleVerifier [0x00007FF7D49D52B4+109332]\n\tGetHandleVerifier [0x00007FF7D49D5462+109762]\n\tGetHandleVerifier [0x00007FF7D49BBA79+4825]\n\tBaseThreadInitThunk [0x00007FFD47AE7374+20]\n\tRtlUserThreadStart [0x00007FFD4857CC91+33]\n"}, "parameters": [{"name": "arg1", "value": "\"${expected_url}\" != \"\""}, {"name": "arg2", "value": "verifyCurrentUrl"}, {"name": "arg3", "value": "${expected_url}"}], "start": 1747822200434, "stop": 1747822200435}, {"name": "BuiltIn.Run Keyword If", "status": "skipped", "statusDetails": {"message": "ElementClickInterceptedException: Message: element click intercepted: Element <button type=\"submit\" class=\"btn btn-primary btn-block fw-600\">...</button> is not clickable at point (675, 568). Other element would receive the click: <div class=\"pb-5 pt-4 px-5\">...</div>\n  (Session info: chrome=136.0.7103.114)\nStacktrace:\n\tGetHandleVerifier [0x00007FF7D49CCF65+75717]\n\tGetHandleVerifier [0x00007FF7D49CCFC0+75808]\n\t(No symbol) [0x00007FF7D4798F9A]\n\t(No symbol) [0x00007FF7D47F7439]\n\t(No symbol) [0x00007FF7D47F4DF2]\n\t(No symbol) [0x00007FF7D47F1EA1]\n\t(No symbol) [0x00007FF7D47F0DA1]\n\t(No symbol) [0x00007FF7D47E2394]\n\t(No symbol) [0x00007FF7D481737A]\n\t(No symbol) [0x00007FF7D47E1C46]\n\t(No symbol) [0x00007FF7D4817590]\n\t(No symbol) [0x00007FF7D483F39C]\n\t(No symbol) [0x00007FF7D4817153]\n\t(No symbol) [0x00007FF7D47E0421]\n\t(No symbol) [0x00007FF7D47E11B3]\n\tGetHandleVerifier [0x00007FF7D4CCD74D+3223469]\n\tGetHandleVerifier [0x00007FF7D4CC7CF2+3200338]\n\tGetHandleVerifier [0x00007FF7D4CE5B23+3322755]\n\tGetHandleVerifier [0x00007FF7D49E6A3A+180890]\n\tGetHandleVerifier [0x00007FF7D49EE13F+211359]\n\tGetHandleVerifier [0x00007FF7D49D52B4+109332]\n\tGetHandleVerifier [0x00007FF7D49D5462+109762]\n\tGetHandleVerifier [0x00007FF7D49BBA79+4825]\n\tBaseThreadInitThunk [0x00007FFD47AE7374+20]\n\tRtlUserThreadStart [0x00007FFD4857CC91+33]\n"}, "parameters": [{"name": "arg1", "value": "\"${logout_url}\" != \"\""}, {"name": "arg2", "value": "getUrl"}, {"name": "arg3", "value": "${logout_url}"}], "start": 1747822200435, "stop": 1747822200436}, {"name": "common_keywords.Sleep After Test", "status": "skipped", "statusDetails": {"message": "ElementClickInterceptedException: Message: element click intercepted: Element <button type=\"submit\" class=\"btn btn-primary btn-block fw-600\">...</button> is not clickable at point (675, 568). Other element would receive the click: <div class=\"pb-5 pt-4 px-5\">...</div>\n  (Session info: chrome=136.0.7103.114)\nStacktrace:\n\tGetHandleVerifier [0x00007FF7D49CCF65+75717]\n\tGetHandleVerifier [0x00007FF7D49CCFC0+75808]\n\t(No symbol) [0x00007FF7D4798F9A]\n\t(No symbol) [0x00007FF7D47F7439]\n\t(No symbol) [0x00007FF7D47F4DF2]\n\t(No symbol) [0x00007FF7D47F1EA1]\n\t(No symbol) [0x00007FF7D47F0DA1]\n\t(No symbol) [0x00007FF7D47E2394]\n\t(No symbol) [0x00007FF7D481737A]\n\t(No symbol) [0x00007FF7D47E1C46]\n\t(No symbol) [0x00007FF7D4817590]\n\t(No symbol) [0x00007FF7D483F39C]\n\t(No symbol) [0x00007FF7D4817153]\n\t(No symbol) [0x00007FF7D47E0421]\n\t(No symbol) [0x00007FF7D47E11B3]\n\tGetHandleVerifier [0x00007FF7D4CCD74D+3223469]\n\tGetHandleVerifier [0x00007FF7D4CC7CF2+3200338]\n\tGetHandleVerifier [0x00007FF7D4CE5B23+3322755]\n\tGetHandleVerifier [0x00007FF7D49E6A3A+180890]\n\tGetHandleVerifier [0x00007FF7D49EE13F+211359]\n\tGetHandleVerifier [0x00007FF7D49D52B4+109332]\n\tGetHandleVerifier [0x00007FF7D49D5462+109762]\n\tGetHandleVerifier [0x00007FF7D49BBA79+4825]\n\tBaseThreadInitThunk [0x00007FFD47AE7374+20]\n\tRtlUserThreadStart [0x00007FFD4857CC91+33]\n"}, "start": 1747822200436, "stop": 1747822200437}, {"name": "SeleniumLibrary.Close Browser", "status": "skipped", "statusDetails": {"message": "ElementClickInterceptedException: Message: element click intercepted: Element <button type=\"submit\" class=\"btn btn-primary btn-block fw-600\">...</button> is not clickable at point (675, 568). Other element would receive the click: <div class=\"pb-5 pt-4 px-5\">...</div>\n  (Session info: chrome=136.0.7103.114)\nStacktrace:\n\tGetHandleVerifier [0x00007FF7D49CCF65+75717]\n\tGetHandleVerifier [0x00007FF7D49CCFC0+75808]\n\t(No symbol) [0x00007FF7D4798F9A]\n\t(No symbol) [0x00007FF7D47F7439]\n\t(No symbol) [0x00007FF7D47F4DF2]\n\t(No symbol) [0x00007FF7D47F1EA1]\n\t(No symbol) [0x00007FF7D47F0DA1]\n\t(No symbol) [0x00007FF7D47E2394]\n\t(No symbol) [0x00007FF7D481737A]\n\t(No symbol) [0x00007FF7D47E1C46]\n\t(No symbol) [0x00007FF7D4817590]\n\t(No symbol) [0x00007FF7D483F39C]\n\t(No symbol) [0x00007FF7D4817153]\n\t(No symbol) [0x00007FF7D47E0421]\n\t(No symbol) [0x00007FF7D47E11B3]\n\tGetHandleVerifier [0x00007FF7D4CCD74D+3223469]\n\tGetHandleVerifier [0x00007FF7D4CC7CF2+3200338]\n\tGetHandleVerifier [0x00007FF7D4CE5B23+3322755]\n\tGetHandleVerifier [0x00007FF7D49E6A3A+180890]\n\tGetHandleVerifier [0x00007FF7D49EE13F+211359]\n\tGetHandleVerifier [0x00007FF7D49D52B4+109332]\n\tGetHandleVerifier [0x00007FF7D49D5462+109762]\n\tGetHandleVerifier [0x00007FF7D49BBA79+4825]\n\tBaseThreadInitThunk [0x00007FFD47AE7374+20]\n\tRtlUserThreadStart [0x00007FFD4857CC91+33]\n"}, "start": 1747822200437, "stop": 1747822200438}], "parameters": [{"name": "arg1", "value": "customer2025@gmail.com"}, {"name": "arg2", "value": "123456"}, {"name": "arg3", "value": "https://cms.anhtester.com/dashboard"}, {"name": "arg4", "value": "https://cms.anhtester.com/logout"}], "start": 1747822189635, "stop": 1747822200438}], "start": 1747822189635, "stop": 1747822200444, "uuid": "3be0d22a-beae-49d1-b84b-f20bd59c07ec", "historyId": "d019cc7713d1d2b4edf082b1d0263751", "fullName": "Login Tests Data Json.L_2", "labels": [{"name": "suite", "value": "Login Tests Data Json"}, {"name": "framework", "value": "robotframework"}, {"name": "language", "value": "cpython3"}, {"name": "host", "value": "DESKTOP-A0BCC69"}, {"name": "thread", "value": "default-4c910bfe-5175-4a7a-929e-ff074caeca21"}]}