{"name": "L_1", "status": "failed", "statusDetails": {"message": "ElementClickInterceptedException: Message: element click intercepted: Element <button type=\"submit\" class=\"btn btn-primary btn-block fw-600\">...</button> is not clickable at point (675, 568). Other element would receive the click: <div class=\"pb-5 pt-4 px-5\">...</div>\n  (Session info: chrome=136.0.7103.114)\nStacktrace:\n\tGetHandleVerifier [0x00007FF7D49CCF65+75717]\n\tGetHandleVerifier [0x00007FF7D49CCFC0+75808]\n\t(No symbol) [0x00007FF7D4798F9A]\n\t(No symbol) [0x00007FF7D47F7439]\n\t(No symbol) [0x00007FF7D47F4DF2]\n\t(No symbol) [0x00007FF7D47F1EA1]\n\t(No symbol) [0x00007FF7D47F0DA1]\n\t(No symbol) [0x00007FF7D47E2394]\n\t(No symbol) [0x00007FF7D481737A]\n\t(No symbol) [0x00007FF7D47E1C46]\n\t(No symbol) [0x00007FF7D4817590]\n\t(No symbol) [0x00007FF7D483F39C]\n\t(No symbol) [0x00007FF7D4817153]\n\t(No symbol) [0x00007FF7D47E0421]\n\t(No symbol) [0x00007FF7D47E11B3]\n\tGetHandleVerifier [0x00007FF7D4CCD74D+3223469]\n\tGetHandleVerifier [0x00007FF7D4CC7CF2+3200338]\n\tGetHandleVerifier [0x00007FF7D4CE5B23+3322755]\n\tGetHandleVerifier [0x00007FF7D49E6A3A+180890]\n\tGetHandleVerifier [0x00007FF7D49EE13F+211359]\n\tGetHandleVerifier [0x00007FF7D49D52B4+109332]\n\tGetHandleVerifier [0x00007FF7D49D5462+109762]\n\tGetHandleVerifier [0x00007FF7D49BBA79+4825]\n\tBaseThreadInitThunk [0x00007FFD47AE7374+20]\n\tRtlUserThreadStart [0x00007FFD4857CC91+33]\n"}, "steps": [{"name": "Login With User", "status": "failed", "statusDetails": {"message": "ElementClickInterceptedException: Message: element click intercepted: Element <button type=\"submit\" class=\"btn btn-primary btn-block fw-600\">...</button> is not clickable at point (675, 568). Other element would receive the click: <div class=\"pb-5 pt-4 px-5\">...</div>\n  (Session info: chrome=136.0.7103.114)\nStacktrace:\n\tGetHandleVerifier [0x00007FF7D49CCF65+75717]\n\tGetHandleVerifier [0x00007FF7D49CCFC0+75808]\n\t(No symbol) [0x00007FF7D4798F9A]\n\t(No symbol) [0x00007FF7D47F7439]\n\t(No symbol) [0x00007FF7D47F4DF2]\n\t(No symbol) [0x00007FF7D47F1EA1]\n\t(No symbol) [0x00007FF7D47F0DA1]\n\t(No symbol) [0x00007FF7D47E2394]\n\t(No symbol) [0x00007FF7D481737A]\n\t(No symbol) [0x00007FF7D47E1C46]\n\t(No symbol) [0x00007FF7D4817590]\n\t(No symbol) [0x00007FF7D483F39C]\n\t(No symbol) [0x00007FF7D4817153]\n\t(No symbol) [0x00007FF7D47E0421]\n\t(No symbol) [0x00007FF7D47E11B3]\n\tGetHandleVerifier [0x00007FF7D4CCD74D+3223469]\n\tGetHandleVerifier [0x00007FF7D4CC7CF2+3200338]\n\tGetHandleVerifier [0x00007FF7D4CE5B23+3322755]\n\tGetHandleVerifier [0x00007FF7D49E6A3A+180890]\n\tGetHandleVerifier [0x00007FF7D49EE13F+211359]\n\tGetHandleVerifier [0x00007FF7D49D52B4+109332]\n\tGetHandleVerifier [0x00007FF7D49D5462+109762]\n\tGetHandleVerifier [0x00007FF7D49BBA79+4825]\n\tBaseThreadInitThunk [0x00007FFD47AE7374+20]\n\tRtlUserThreadStart [0x00007FFD4857CC91+33]\n"}, "steps": [{"name": "common_keywords.Open Chrome Browser", "status": "passed", "statusDetails": {}, "steps": [{"name": "BuiltIn.Log", "status": "passed", "statusDetails": {}, "attachments": [{"name": "Keyword Log", "source": "abe3e95b-0987-4f61-9821-763bf40bb30f-attachment.html", "type": "text/html"}], "parameters": [{"name": "arg1", "value": "Starting to open Chrome browser"}, {"name": "arg2", "value": "level=INFO"}], "start": 1747822179034, "stop": 1747822179036}, {"name": "BuiltIn.Evaluate", "status": "passed", "statusDetails": {}, "attachments": [{"name": "Keyword Log", "source": "0b8ad3d3-890f-4975-868e-1c1539fabeed-attachment.html", "type": "text/html"}], "parameters": [{"name": "arg1", "value": "sys.modules['selenium.webdriver'].ChromeOptions()"}, {"name": "arg2", "value": "modules=sys"}], "start": 1747822179036, "stop": 1747822179038}, {"name": "BuiltIn.Run Keyword And Ignore Error", "status": "passed", "statusDetails": {}, "steps": [{"name": "BuiltIn.Call Method", "status": "passed", "statusDetails": {}, "parameters": [{"name": "arg1", "value": "${chrome_options}"}, {"name": "arg2", "value": "add_argument"}, {"name": "arg3", "value": "--disable-notifications"}], "start": 1747822179039, "stop": 1747822179040}], "parameters": [{"name": "arg1", "value": "Call Method"}, {"name": "arg2", "value": "${chrome_options}"}, {"name": "arg3", "value": "add_argument"}, {"name": "arg4", "value": "--disable-notifications"}], "start": 1747822179039, "stop": 1747822179040}, {"name": "BuiltIn.Run Keyword And Ignore Error", "status": "passed", "statusDetails": {}, "steps": [{"name": "BuiltIn.Call Method", "status": "failed", "statusDetails": {"message": "Calling method 'add_argument' failed: TypeError: ArgOptions.add_argument() got an unexpected keyword argument '--password-store'"}, "attachments": [{"name": "Keyword Log", "source": "5f7a298a-70ef-42cb-b992-1a1b4caa69f4-attachment.html", "type": "text/html"}], "parameters": [{"name": "arg1", "value": "${chrome_options}"}, {"name": "arg2", "value": "add_argument"}, {"name": "arg3", "value": "--password-store=basic"}], "start": 1747822179041, "stop": 1747822179053}], "parameters": [{"name": "arg1", "value": "Call Method"}, {"name": "arg2", "value": "${chrome_options}"}, {"name": "arg3", "value": "add_argument"}, {"name": "arg4", "value": "--password-store=basic"}], "start": 1747822179041, "stop": 1747822179054}, {"name": "BuiltIn.Run Keyword And Ignore Error", "status": "passed", "statusDetails": {}, "steps": [{"name": "BuiltIn.Call Method", "status": "failed", "statusDetails": {"message": "Calling method 'add_argument' failed: TypeError: ArgOptions.add_argument() got an unexpected keyword argument '--disable-features'"}, "attachments": [{"name": "Keyword Log", "source": "b76fbd54-030d-4375-acb3-55c75d7defb2-attachment.html", "type": "text/html"}], "parameters": [{"name": "arg1", "value": "${chrome_options}"}, {"name": "arg2", "value": "add_argument"}, {"name": "arg3", "value": "--disable-features=PasswordManagerEnabled,PasswordLeakDetection,SafetyCheck,PasswordCheckup"}], "start": 1747822179055, "stop": 1747822179057}], "parameters": [{"name": "arg1", "value": "Call Method"}, {"name": "arg2", "value": "${chrome_options}"}, {"name": "arg3", "value": "add_argument"}, {"name": "arg4", "value": "--disable-features=PasswordManagerEnabled,PasswordLeakDetection,SafetyCheck,PasswordCheckup"}], "start": 1747822179054, "stop": 1747822179058}, {"name": "BuiltIn.Run Keyword And Ignore Error", "status": "passed", "statusDetails": {}, "steps": [{"name": "BuiltIn.Call Method", "status": "passed", "statusDetails": {}, "parameters": [{"name": "arg1", "value": "${chrome_options}"}, {"name": "arg2", "value": "add_argument"}, {"name": "arg3", "value": "--incognito"}], "start": 1747822179059, "stop": 1747822179059}], "parameters": [{"name": "arg1", "value": "Call Method"}, {"name": "arg2", "value": "${chrome_options}"}, {"name": "arg3", "value": "add_argument"}, {"name": "arg4", "value": "--incognito"}], "start": 1747822179058, "stop": 1747822179059}, {"name": "BuiltIn.Run Keyword And Ignore Error", "status": "passed", "statusDetails": {}, "steps": [{"name": "BuiltIn.Call Method", "status": "passed", "statusDetails": {}, "parameters": [{"name": "arg1", "value": "${chrome_options}"}, {"name": "arg2", "value": "add_argument"}, {"name": "arg3", "value": "--flag-switches-begin"}], "start": 1747822179060, "stop": 1747822179061}], "parameters": [{"name": "arg1", "value": "Call Method"}, {"name": "arg2", "value": "${chrome_options}"}, {"name": "arg3", "value": "add_argument"}, {"name": "arg4", "value": "--flag-switches-begin"}], "start": 1747822179060, "stop": 1747822179061}, {"name": "BuiltIn.Run Keyword And Ignore Error", "status": "passed", "statusDetails": {}, "steps": [{"name": "BuiltIn.Call Method", "status": "passed", "statusDetails": {}, "parameters": [{"name": "arg1", "value": "${chrome_options}"}, {"name": "arg2", "value": "add_argument"}, {"name": "arg3", "value": "--disable-password-manager"}], "start": 1747822179062, "stop": 1747822179062}], "parameters": [{"name": "arg1", "value": "Call Method"}, {"name": "arg2", "value": "${chrome_options}"}, {"name": "arg3", "value": "add_argument"}, {"name": "arg4", "value": "--disable-password-manager"}], "start": 1747822179061, "stop": 1747822179063}, {"name": "BuiltIn.Run Keyword And Ignore Error", "status": "passed", "statusDetails": {}, "steps": [{"name": "BuiltIn.Call Method", "status": "passed", "statusDetails": {}, "parameters": [{"name": "arg1", "value": "${chrome_options}"}, {"name": "arg2", "value": "add_argument"}, {"name": "arg3", "value": "--flag-switches-end"}], "start": 1747822179063, "stop": 1747822179064}], "parameters": [{"name": "arg1", "value": "Call Method"}, {"name": "arg2", "value": "${chrome_options}"}, {"name": "arg3", "value": "add_argument"}, {"name": "arg4", "value": "--flag-switches-end"}], "start": 1747822179063, "stop": 1747822179064}, {"name": "BuiltIn.Log", "status": "passed", "statusDetails": {}, "attachments": [{"name": "Keyword Log", "source": "0a0bbf39-a79b-476f-a1a4-02affbecda1b-attachment.html", "type": "text/html"}], "parameters": [{"name": "arg1", "value": "Chrome options set: ${chrome_options}"}, {"name": "arg2", "value": "level=INFO"}], "start": 1747822179065, "stop": 1747822179066}, {"name": "BuiltIn.Run Keyword And Ignore Error", "status": "passed", "statusDetails": {}, "steps": [{"name": "SeleniumLibrary.Open Browser", "status": "passed", "statusDetails": {}, "attachments": [{"name": "Keyword Log", "source": "9015ce90-060c-4a8a-82e1-2c06804d38c5-attachment.html", "type": "text/html"}], "parameters": [{"name": "arg1", "value": "about:blank"}, {"name": "arg2", "value": "chrome"}, {"name": "arg3", "value": "options=${chrome_options}"}], "start": 1747822179067, "stop": 1747822181954}], "parameters": [{"name": "arg1", "value": "Open Browser"}, {"name": "arg2", "value": "about:blank"}, {"name": "arg3", "value": "chrome"}, {"name": "arg4", "value": "options=${chrome_options}"}], "start": 1747822179067, "stop": 1747822181954}, {"name": "BuiltIn.Log", "status": "passed", "statusDetails": {}, "attachments": [{"name": "Keyword Log", "source": "fab454f5-94ee-46d6-8f15-d393d8a12edf-attachment.html", "type": "text/html"}], "parameters": [{"name": "arg1", "value": "Browser opened successfully"}, {"name": "arg2", "value": "level=INFO"}], "start": 1747822181955, "stop": 1747822181956}, {"name": "SeleniumLibrary.Maximize Browser Window", "status": "passed", "statusDetails": {}, "start": 1747822181957, "stop": 1747822182006}], "start": 1747822179033, "stop": 1747822182006}, {"name": "common_keywords.getUrl", "status": "passed", "statusDetails": {}, "steps": [{"name": "SeleniumLibrary.Go To", "status": "passed", "statusDetails": {}, "attachments": [{"name": "Keyword Log", "source": "f03f19f6-6b94-4e38-a63f-b24d65b7ae78-attachment.html", "type": "text/html"}], "parameters": [{"name": "arg1", "value": "${url}"}], "start": 1747822182007, "stop": 1747822182944}, {"name": "BuiltIn.Sleep", "status": "passed", "statusDetails": {}, "attachments": [{"name": "Keyword Log", "source": "6356f06a-a04d-4b2f-9b25-fc06a75d3e59-attachment.html", "type": "text/html"}], "parameters": [{"name": "arg1", "value": "${DELAY_MEDIUM}"}], "start": 1747822182945, "stop": 1747822185952}], "parameters": [{"name": "arg1", "value": "https://cms.anhtester.com/users/login"}], "start": 1747822182007, "stop": 1747822185953}, {"name": "common_keywords.enterText", "status": "passed", "statusDetails": {}, "steps": [{"name": "SeleniumLibrary.Wait Until Element Is Visible", "status": "passed", "statusDetails": {}, "parameters": [{"name": "arg1", "value": "${locator}"}, {"name": "arg2", "value": "timeout=10s"}], "start": 1747822185957, "stop": 1747822186014}, {"name": "SeleniumLibrary.Input Text", "status": "passed", "statusDetails": {}, "attachments": [{"name": "Keyword Log", "source": "ba95661e-84d1-4a38-a77b-66bf17e47852-attachment.html", "type": "text/html"}], "parameters": [{"name": "arg1", "value": "${locator}"}, {"name": "arg2", "value": "${text}"}], "start": 1747822186014, "stop": 1747822186177}, {"name": "BuiltIn.Sleep", "status": "passed", "statusDetails": {}, "attachments": [{"name": "Keyword Log", "source": "edb7fb9f-951e-4add-98f7-6b515cdc7c15-attachment.html", "type": "text/html"}], "parameters": [{"name": "arg1", "value": "${DELAY_FAST}"}], "start": 1747822186180, "stop": 1747822187183}], "parameters": [{"name": "arg1", "value": "xpath=//input[@id=\"email\"]"}, {"name": "arg2", "value": "${username}"}], "start": 1747822185955, "stop": 1747822187184}, {"name": "common_keywords.enterText", "status": "passed", "statusDetails": {}, "steps": [{"name": "SeleniumLibrary.Wait Until Element Is Visible", "status": "passed", "statusDetails": {}, "parameters": [{"name": "arg1", "value": "${locator}"}, {"name": "arg2", "value": "timeout=10s"}], "start": 1747822187185, "stop": 1747822187226}, {"name": "SeleniumLibrary.Input Text", "status": "passed", "statusDetails": {}, "attachments": [{"name": "Keyword Log", "source": "cc0e05f3-f90f-4bdc-b6b4-5a6a40d62938-attachment.html", "type": "text/html"}], "parameters": [{"name": "arg1", "value": "${locator}"}, {"name": "arg2", "value": "${text}"}], "start": 1747822187227, "stop": 1747822187345}, {"name": "BuiltIn.Sleep", "status": "passed", "statusDetails": {}, "attachments": [{"name": "Keyword Log", "source": "c88e2c52-5357-478d-a927-7ebbde505a8e-attachment.html", "type": "text/html"}], "parameters": [{"name": "arg1", "value": "${DELAY_FAST}"}], "start": 1747822187346, "stop": 1747822188350}], "parameters": [{"name": "arg1", "value": "xpath=//input[@id=\"password\"]"}, {"name": "arg2", "value": "${password}"}], "start": 1747822187185, "stop": 1747822188350}, {"name": "common_keywords.clickButton", "status": "failed", "statusDetails": {"message": "ElementClickInterceptedException: Message: element click intercepted: Element <button type=\"submit\" class=\"btn btn-primary btn-block fw-600\">...</button> is not clickable at point (675, 568). Other element would receive the click: <div class=\"pb-5 pt-4 px-5\">...</div>\n  (Session info: chrome=136.0.7103.114)\nStacktrace:\n\tGetHandleVerifier [0x00007FF7D49CCF65+75717]\n\tGetHandleVerifier [0x00007FF7D49CCFC0+75808]\n\t(No symbol) [0x00007FF7D4798F9A]\n\t(No symbol) [0x00007FF7D47F7439]\n\t(No symbol) [0x00007FF7D47F4DF2]\n\t(No symbol) [0x00007FF7D47F1EA1]\n\t(No symbol) [0x00007FF7D47F0DA1]\n\t(No symbol) [0x00007FF7D47E2394]\n\t(No symbol) [0x00007FF7D481737A]\n\t(No symbol) [0x00007FF7D47E1C46]\n\t(No symbol) [0x00007FF7D4817590]\n\t(No symbol) [0x00007FF7D483F39C]\n\t(No symbol) [0x00007FF7D4817153]\n\t(No symbol) [0x00007FF7D47E0421]\n\t(No symbol) [0x00007FF7D47E11B3]\n\tGetHandleVerifier [0x00007FF7D4CCD74D+3223469]\n\tGetHandleVerifier [0x00007FF7D4CC7CF2+3200338]\n\tGetHandleVerifier [0x00007FF7D4CE5B23+3322755]\n\tGetHandleVerifier [0x00007FF7D49E6A3A+180890]\n\tGetHandleVerifier [0x00007FF7D49EE13F+211359]\n\tGetHandleVerifier [0x00007FF7D49D52B4+109332]\n\tGetHandleVerifier [0x00007FF7D49D5462+109762]\n\tGetHandleVerifier [0x00007FF7D49BBA79+4825]\n\tBaseThreadInitThunk [0x00007FFD47AE7374+20]\n\tRtlUserThreadStart [0x00007FFD4857CC91+33]\n"}, "steps": [{"name": "SeleniumLibrary.Wait Until Element Is Visible", "status": "passed", "statusDetails": {}, "parameters": [{"name": "arg1", "value": "${locator}"}, {"name": "arg2", "value": "timeout=10s"}], "start": 1747822188352, "stop": 1747822188385}, {"name": "SeleniumLibrary.Click Element", "status": "failed", "statusDetails": {"message": "ElementClickInterceptedException: Message: element click intercepted: Element <button type=\"submit\" class=\"btn btn-primary btn-block fw-600\">...</button> is not clickable at point (675, 568). Other element would receive the click: <div class=\"pb-5 pt-4 px-5\">...</div>\n  (Session info: chrome=136.0.7103.114)\nStacktrace:\n\tGetHandleVerifier [0x00007FF7D49CCF65+75717]\n\tGetHandleVerifier [0x00007FF7D49CCFC0+75808]\n\t(No symbol) [0x00007FF7D4798F9A]\n\t(No symbol) [0x00007FF7D47F7439]\n\t(No symbol) [0x00007FF7D47F4DF2]\n\t(No symbol) [0x00007FF7D47F1EA1]\n\t(No symbol) [0x00007FF7D47F0DA1]\n\t(No symbol) [0x00007FF7D47E2394]\n\t(No symbol) [0x00007FF7D481737A]\n\t(No symbol) [0x00007FF7D47E1C46]\n\t(No symbol) [0x00007FF7D4817590]\n\t(No symbol) [0x00007FF7D483F39C]\n\t(No symbol) [0x00007FF7D4817153]\n\t(No symbol) [0x00007FF7D47E0421]\n\t(No symbol) [0x00007FF7D47E11B3]\n\tGetHandleVerifier [0x00007FF7D4CCD74D+3223469]\n\tGetHandleVerifier [0x00007FF7D4CC7CF2+3200338]\n\tGetHandleVerifier [0x00007FF7D4CE5B23+3322755]\n\tGetHandleVerifier [0x00007FF7D49E6A3A+180890]\n\tGetHandleVerifier [0x00007FF7D49EE13F+211359]\n\tGetHandleVerifier [0x00007FF7D49D52B4+109332]\n\tGetHandleVerifier [0x00007FF7D49D5462+109762]\n\tGetHandleVerifier [0x00007FF7D49BBA79+4825]\n\tBaseThreadInitThunk [0x00007FFD47AE7374+20]\n\tRtlUserThreadStart [0x00007FFD4857CC91+33]\n"}, "attachments": [{"name": "Keyword Log", "source": "725dffc2-c9bc-4043-a36b-ae1b8987802d-attachment.html", "type": "text/html"}], "parameters": [{"name": "arg1", "value": "${locator}"}], "start": 1747822188385, "stop": 1747822189614}, {"name": "BuiltIn.Sleep", "status": "skipped", "statusDetails": {"message": "ElementClickInterceptedException: Message: element click intercepted: Element <button type=\"submit\" class=\"btn btn-primary btn-block fw-600\">...</button> is not clickable at point (675, 568). Other element would receive the click: <div class=\"pb-5 pt-4 px-5\">...</div>\n  (Session info: chrome=136.0.7103.114)\nStacktrace:\n\tGetHandleVerifier [0x00007FF7D49CCF65+75717]\n\tGetHandleVerifier [0x00007FF7D49CCFC0+75808]\n\t(No symbol) [0x00007FF7D4798F9A]\n\t(No symbol) [0x00007FF7D47F7439]\n\t(No symbol) [0x00007FF7D47F4DF2]\n\t(No symbol) [0x00007FF7D47F1EA1]\n\t(No symbol) [0x00007FF7D47F0DA1]\n\t(No symbol) [0x00007FF7D47E2394]\n\t(No symbol) [0x00007FF7D481737A]\n\t(No symbol) [0x00007FF7D47E1C46]\n\t(No symbol) [0x00007FF7D4817590]\n\t(No symbol) [0x00007FF7D483F39C]\n\t(No symbol) [0x00007FF7D4817153]\n\t(No symbol) [0x00007FF7D47E0421]\n\t(No symbol) [0x00007FF7D47E11B3]\n\tGetHandleVerifier [0x00007FF7D4CCD74D+3223469]\n\tGetHandleVerifier [0x00007FF7D4CC7CF2+3200338]\n\tGetHandleVerifier [0x00007FF7D4CE5B23+3322755]\n\tGetHandleVerifier [0x00007FF7D49E6A3A+180890]\n\tGetHandleVerifier [0x00007FF7D49EE13F+211359]\n\tGetHandleVerifier [0x00007FF7D49D52B4+109332]\n\tGetHandleVerifier [0x00007FF7D49D5462+109762]\n\tGetHandleVerifier [0x00007FF7D49BBA79+4825]\n\tBaseThreadInitThunk [0x00007FFD47AE7374+20]\n\tRtlUserThreadStart [0x00007FFD4857CC91+33]\n"}, "parameters": [{"name": "arg1", "value": "${DELAY_MEDIUM}"}], "start": 1747822189614, "stop": 1747822189614}], "parameters": [{"name": "arg1", "value": "xpath=//button[normalize-space()=\"Login\"]"}], "start": 1747822188351, "stop": 1747822189615}, {"name": "common_keywords.clickButton", "status": "skipped", "statusDetails": {"message": "ElementClickInterceptedException: Message: element click intercepted: Element <button type=\"submit\" class=\"btn btn-primary btn-block fw-600\">...</button> is not clickable at point (675, 568). Other element would receive the click: <div class=\"pb-5 pt-4 px-5\">...</div>\n  (Session info: chrome=136.0.7103.114)\nStacktrace:\n\tGetHandleVerifier [0x00007FF7D49CCF65+75717]\n\tGetHandleVerifier [0x00007FF7D49CCFC0+75808]\n\t(No symbol) [0x00007FF7D4798F9A]\n\t(No symbol) [0x00007FF7D47F7439]\n\t(No symbol) [0x00007FF7D47F4DF2]\n\t(No symbol) [0x00007FF7D47F1EA1]\n\t(No symbol) [0x00007FF7D47F0DA1]\n\t(No symbol) [0x00007FF7D47E2394]\n\t(No symbol) [0x00007FF7D481737A]\n\t(No symbol) [0x00007FF7D47E1C46]\n\t(No symbol) [0x00007FF7D4817590]\n\t(No symbol) [0x00007FF7D483F39C]\n\t(No symbol) [0x00007FF7D4817153]\n\t(No symbol) [0x00007FF7D47E0421]\n\t(No symbol) [0x00007FF7D47E11B3]\n\tGetHandleVerifier [0x00007FF7D4CCD74D+3223469]\n\tGetHandleVerifier [0x00007FF7D4CC7CF2+3200338]\n\tGetHandleVerifier [0x00007FF7D4CE5B23+3322755]\n\tGetHandleVerifier [0x00007FF7D49E6A3A+180890]\n\tGetHandleVerifier [0x00007FF7D49EE13F+211359]\n\tGetHandleVerifier [0x00007FF7D49D52B4+109332]\n\tGetHandleVerifier [0x00007FF7D49D5462+109762]\n\tGetHandleVerifier [0x00007FF7D49BBA79+4825]\n\tBaseThreadInitThunk [0x00007FFD47AE7374+20]\n\tRtlUserThreadStart [0x00007FFD4857CC91+33]\n"}, "parameters": [{"name": "arg1", "value": "xpath=//button[@class=\"absolute-top-right bg-white shadow-lg btn btn-circle btn-icon mr-n3 mt-n3 set-session\"]"}], "start": 1747822189615, "stop": 1747822189615}, {"name": "BuiltIn.Run Keyword If", "status": "skipped", "statusDetails": {"message": "ElementClickInterceptedException: Message: element click intercepted: Element <button type=\"submit\" class=\"btn btn-primary btn-block fw-600\">...</button> is not clickable at point (675, 568). Other element would receive the click: <div class=\"pb-5 pt-4 px-5\">...</div>\n  (Session info: chrome=136.0.7103.114)\nStacktrace:\n\tGetHandleVerifier [0x00007FF7D49CCF65+75717]\n\tGetHandleVerifier [0x00007FF7D49CCFC0+75808]\n\t(No symbol) [0x00007FF7D4798F9A]\n\t(No symbol) [0x00007FF7D47F7439]\n\t(No symbol) [0x00007FF7D47F4DF2]\n\t(No symbol) [0x00007FF7D47F1EA1]\n\t(No symbol) [0x00007FF7D47F0DA1]\n\t(No symbol) [0x00007FF7D47E2394]\n\t(No symbol) [0x00007FF7D481737A]\n\t(No symbol) [0x00007FF7D47E1C46]\n\t(No symbol) [0x00007FF7D4817590]\n\t(No symbol) [0x00007FF7D483F39C]\n\t(No symbol) [0x00007FF7D4817153]\n\t(No symbol) [0x00007FF7D47E0421]\n\t(No symbol) [0x00007FF7D47E11B3]\n\tGetHandleVerifier [0x00007FF7D4CCD74D+3223469]\n\tGetHandleVerifier [0x00007FF7D4CC7CF2+3200338]\n\tGetHandleVerifier [0x00007FF7D4CE5B23+3322755]\n\tGetHandleVerifier [0x00007FF7D49E6A3A+180890]\n\tGetHandleVerifier [0x00007FF7D49EE13F+211359]\n\tGetHandleVerifier [0x00007FF7D49D52B4+109332]\n\tGetHandleVerifier [0x00007FF7D49D5462+109762]\n\tGetHandleVerifier [0x00007FF7D49BBA79+4825]\n\tBaseThreadInitThunk [0x00007FFD47AE7374+20]\n\tRtlUserThreadStart [0x00007FFD4857CC91+33]\n"}, "parameters": [{"name": "arg1", "value": "\"${expected_url}\" != \"\""}, {"name": "arg2", "value": "verifyCurrentUrl"}, {"name": "arg3", "value": "${expected_url}"}], "start": 1747822189615, "stop": 1747822189616}, {"name": "BuiltIn.Run Keyword If", "status": "skipped", "statusDetails": {"message": "ElementClickInterceptedException: Message: element click intercepted: Element <button type=\"submit\" class=\"btn btn-primary btn-block fw-600\">...</button> is not clickable at point (675, 568). Other element would receive the click: <div class=\"pb-5 pt-4 px-5\">...</div>\n  (Session info: chrome=136.0.7103.114)\nStacktrace:\n\tGetHandleVerifier [0x00007FF7D49CCF65+75717]\n\tGetHandleVerifier [0x00007FF7D49CCFC0+75808]\n\t(No symbol) [0x00007FF7D4798F9A]\n\t(No symbol) [0x00007FF7D47F7439]\n\t(No symbol) [0x00007FF7D47F4DF2]\n\t(No symbol) [0x00007FF7D47F1EA1]\n\t(No symbol) [0x00007FF7D47F0DA1]\n\t(No symbol) [0x00007FF7D47E2394]\n\t(No symbol) [0x00007FF7D481737A]\n\t(No symbol) [0x00007FF7D47E1C46]\n\t(No symbol) [0x00007FF7D4817590]\n\t(No symbol) [0x00007FF7D483F39C]\n\t(No symbol) [0x00007FF7D4817153]\n\t(No symbol) [0x00007FF7D47E0421]\n\t(No symbol) [0x00007FF7D47E11B3]\n\tGetHandleVerifier [0x00007FF7D4CCD74D+3223469]\n\tGetHandleVerifier [0x00007FF7D4CC7CF2+3200338]\n\tGetHandleVerifier [0x00007FF7D4CE5B23+3322755]\n\tGetHandleVerifier [0x00007FF7D49E6A3A+180890]\n\tGetHandleVerifier [0x00007FF7D49EE13F+211359]\n\tGetHandleVerifier [0x00007FF7D49D52B4+109332]\n\tGetHandleVerifier [0x00007FF7D49D5462+109762]\n\tGetHandleVerifier [0x00007FF7D49BBA79+4825]\n\tBaseThreadInitThunk [0x00007FFD47AE7374+20]\n\tRtlUserThreadStart [0x00007FFD4857CC91+33]\n"}, "parameters": [{"name": "arg1", "value": "\"${logout_url}\" != \"\""}, {"name": "arg2", "value": "getUrl"}, {"name": "arg3", "value": "${logout_url}"}], "start": 1747822189616, "stop": 1747822189616}, {"name": "common_keywords.Sleep After Test", "status": "skipped", "statusDetails": {"message": "ElementClickInterceptedException: Message: element click intercepted: Element <button type=\"submit\" class=\"btn btn-primary btn-block fw-600\">...</button> is not clickable at point (675, 568). Other element would receive the click: <div class=\"pb-5 pt-4 px-5\">...</div>\n  (Session info: chrome=136.0.7103.114)\nStacktrace:\n\tGetHandleVerifier [0x00007FF7D49CCF65+75717]\n\tGetHandleVerifier [0x00007FF7D49CCFC0+75808]\n\t(No symbol) [0x00007FF7D4798F9A]\n\t(No symbol) [0x00007FF7D47F7439]\n\t(No symbol) [0x00007FF7D47F4DF2]\n\t(No symbol) [0x00007FF7D47F1EA1]\n\t(No symbol) [0x00007FF7D47F0DA1]\n\t(No symbol) [0x00007FF7D47E2394]\n\t(No symbol) [0x00007FF7D481737A]\n\t(No symbol) [0x00007FF7D47E1C46]\n\t(No symbol) [0x00007FF7D4817590]\n\t(No symbol) [0x00007FF7D483F39C]\n\t(No symbol) [0x00007FF7D4817153]\n\t(No symbol) [0x00007FF7D47E0421]\n\t(No symbol) [0x00007FF7D47E11B3]\n\tGetHandleVerifier [0x00007FF7D4CCD74D+3223469]\n\tGetHandleVerifier [0x00007FF7D4CC7CF2+3200338]\n\tGetHandleVerifier [0x00007FF7D4CE5B23+3322755]\n\tGetHandleVerifier [0x00007FF7D49E6A3A+180890]\n\tGetHandleVerifier [0x00007FF7D49EE13F+211359]\n\tGetHandleVerifier [0x00007FF7D49D52B4+109332]\n\tGetHandleVerifier [0x00007FF7D49D5462+109762]\n\tGetHandleVerifier [0x00007FF7D49BBA79+4825]\n\tBaseThreadInitThunk [0x00007FFD47AE7374+20]\n\tRtlUserThreadStart [0x00007FFD4857CC91+33]\n"}, "start": 1747822189617, "stop": 1747822189617}, {"name": "SeleniumLibrary.Close Browser", "status": "skipped", "statusDetails": {"message": "ElementClickInterceptedException: Message: element click intercepted: Element <button type=\"submit\" class=\"btn btn-primary btn-block fw-600\">...</button> is not clickable at point (675, 568). Other element would receive the click: <div class=\"pb-5 pt-4 px-5\">...</div>\n  (Session info: chrome=136.0.7103.114)\nStacktrace:\n\tGetHandleVerifier [0x00007FF7D49CCF65+75717]\n\tGetHandleVerifier [0x00007FF7D49CCFC0+75808]\n\t(No symbol) [0x00007FF7D4798F9A]\n\t(No symbol) [0x00007FF7D47F7439]\n\t(No symbol) [0x00007FF7D47F4DF2]\n\t(No symbol) [0x00007FF7D47F1EA1]\n\t(No symbol) [0x00007FF7D47F0DA1]\n\t(No symbol) [0x00007FF7D47E2394]\n\t(No symbol) [0x00007FF7D481737A]\n\t(No symbol) [0x00007FF7D47E1C46]\n\t(No symbol) [0x00007FF7D4817590]\n\t(No symbol) [0x00007FF7D483F39C]\n\t(No symbol) [0x00007FF7D4817153]\n\t(No symbol) [0x00007FF7D47E0421]\n\t(No symbol) [0x00007FF7D47E11B3]\n\tGetHandleVerifier [0x00007FF7D4CCD74D+3223469]\n\tGetHandleVerifier [0x00007FF7D4CC7CF2+3200338]\n\tGetHandleVerifier [0x00007FF7D4CE5B23+3322755]\n\tGetHandleVerifier [0x00007FF7D49E6A3A+180890]\n\tGetHandleVerifier [0x00007FF7D49EE13F+211359]\n\tGetHandleVerifier [0x00007FF7D49D52B4+109332]\n\tGetHandleVerifier [0x00007FF7D49D5462+109762]\n\tGetHandleVerifier [0x00007FF7D49BBA79+4825]\n\tBaseThreadInitThunk [0x00007FFD47AE7374+20]\n\tRtlUserThreadStart [0x00007FFD4857CC91+33]\n"}, "start": 1747822189617, "stop": 1747822189618}], "parameters": [{"name": "arg1", "value": "anhtester@email.com"}, {"name": "arg2", "value": "AnhTester@2023#"}, {"name": "arg3", "value": "https://cms.anhtester.com/dashboard"}, {"name": "arg4", "value": "https://cms.anhtester.com/logout"}], "start": 1747822179032, "stop": 1747822189618}], "start": 1747822179032, "stop": 1747822189621, "uuid": "0d90ed60-fbf5-43be-b53a-601eea8f2b76", "historyId": "cdc8eb93585c81e30971cf2e4aad6da1", "fullName": "Login Tests Data Json.L_1", "labels": [{"name": "suite", "value": "Login Tests Data Json"}, {"name": "framework", "value": "robotframework"}, {"name": "language", "value": "cpython3"}, {"name": "host", "value": "DESKTOP-A0BCC69"}, {"name": "thread", "value": "default-4c910bfe-5175-4a7a-929e-ff074caeca21"}]}