{"name": "L_1", "status": "failed", "statusDetails": {"message": "ElementClickInterceptedException: Message: element click intercepted: Element <button type=\"submit\" class=\"btn btn-primary btn-block fw-600\">...</button> is not clickable at point (675, 568). Other element would receive the click: <div class=\"pb-5 pt-4 px-5\">...</div>\n  (Session info: chrome=136.0.7103.114)\nStacktrace:\n\tGetHandleVerifier [0x00007FF7D49CCF65+75717]\n\tGetHandleVerifier [0x00007FF7D49CCFC0+75808]\n\t(No symbol) [0x00007FF7D4798F9A]\n\t(No symbol) [0x00007FF7D47F7439]\n\t(No symbol) [0x00007FF7D47F4DF2]\n\t(No symbol) [0x00007FF7D47F1EA1]\n\t(No symbol) [0x00007FF7D47F0DA1]\n\t(No symbol) [0x00007FF7D47E2394]\n\t(No symbol) [0x00007FF7D481737A]\n\t(No symbol) [0x00007FF7D47E1C46]\n\t(No symbol) [0x00007FF7D4817590]\n\t(No symbol) [0x00007FF7D483F39C]\n\t(No symbol) [0x00007FF7D4817153]\n\t(No symbol) [0x00007FF7D47E0421]\n\t(No symbol) [0x00007FF7D47E11B3]\n\tGetHandleVerifier [0x00007FF7D4CCD74D+3223469]\n\tGetHandleVerifier [0x00007FF7D4CC7CF2+3200338]\n\tGetHandleVerifier [0x00007FF7D4CE5B23+3322755]\n\tGetHandleVerifier [0x00007FF7D49E6A3A+180890]\n\tGetHandleVerifier [0x00007FF7D49EE13F+211359]\n\tGetHandleVerifier [0x00007FF7D49D52B4+109332]\n\tGetHandleVerifier [0x00007FF7D49D5462+109762]\n\tGetHandleVerifier [0x00007FF7D49BBA79+4825]\n\tBaseThreadInitThunk [0x00007FFD47AE7374+20]\n\tRtlUserThreadStart [0x00007FFD4857CC91+33]\n"}, "steps": [{"name": "Login With User", "status": "failed", "statusDetails": {"message": "ElementClickInterceptedException: Message: element click intercepted: Element <button type=\"submit\" class=\"btn btn-primary btn-block fw-600\">...</button> is not clickable at point (675, 568). Other element would receive the click: <div class=\"pb-5 pt-4 px-5\">...</div>\n  (Session info: chrome=136.0.7103.114)\nStacktrace:\n\tGetHandleVerifier [0x00007FF7D49CCF65+75717]\n\tGetHandleVerifier [0x00007FF7D49CCFC0+75808]\n\t(No symbol) [0x00007FF7D4798F9A]\n\t(No symbol) [0x00007FF7D47F7439]\n\t(No symbol) [0x00007FF7D47F4DF2]\n\t(No symbol) [0x00007FF7D47F1EA1]\n\t(No symbol) [0x00007FF7D47F0DA1]\n\t(No symbol) [0x00007FF7D47E2394]\n\t(No symbol) [0x00007FF7D481737A]\n\t(No symbol) [0x00007FF7D47E1C46]\n\t(No symbol) [0x00007FF7D4817590]\n\t(No symbol) [0x00007FF7D483F39C]\n\t(No symbol) [0x00007FF7D4817153]\n\t(No symbol) [0x00007FF7D47E0421]\n\t(No symbol) [0x00007FF7D47E11B3]\n\tGetHandleVerifier [0x00007FF7D4CCD74D+3223469]\n\tGetHandleVerifier [0x00007FF7D4CC7CF2+3200338]\n\tGetHandleVerifier [0x00007FF7D4CE5B23+3322755]\n\tGetHandleVerifier [0x00007FF7D49E6A3A+180890]\n\tGetHandleVerifier [0x00007FF7D49EE13F+211359]\n\tGetHandleVerifier [0x00007FF7D49D52B4+109332]\n\tGetHandleVerifier [0x00007FF7D49D5462+109762]\n\tGetHandleVerifier [0x00007FF7D49BBA79+4825]\n\tBaseThreadInitThunk [0x00007FFD47AE7374+20]\n\tRtlUserThreadStart [0x00007FFD4857CC91+33]\n"}, "steps": [{"name": "common_keywords.Open Chrome Browser", "status": "passed", "statusDetails": {}, "steps": [{"name": "BuiltIn.Log", "status": "passed", "statusDetails": {}, "attachments": [{"name": "Keyword Log", "source": "ad185bc2-c5d1-4521-b9c7-16bc5706e989-attachment.html", "type": "text/html"}], "parameters": [{"name": "arg1", "value": "Starting to open Chrome browser"}, {"name": "arg2", "value": "level=INFO"}], "start": 1747822046951, "stop": 1747822046952}, {"name": "BuiltIn.Evaluate", "status": "passed", "statusDetails": {}, "attachments": [{"name": "Keyword Log", "source": "3c5ec689-4ded-40ec-8b84-044749204933-attachment.html", "type": "text/html"}], "parameters": [{"name": "arg1", "value": "sys.modules['selenium.webdriver'].ChromeOptions()"}, {"name": "arg2", "value": "modules=sys"}], "start": 1747822046953, "stop": 1747822046954}, {"name": "BuiltIn.Run Keyword And Ignore Error", "status": "passed", "statusDetails": {}, "steps": [{"name": "BuiltIn.Call Method", "status": "passed", "statusDetails": {}, "parameters": [{"name": "arg1", "value": "${chrome_options}"}, {"name": "arg2", "value": "add_argument"}, {"name": "arg3", "value": "--disable-notifications"}], "start": 1747822046955, "stop": 1747822046955}], "parameters": [{"name": "arg1", "value": "Call Method"}, {"name": "arg2", "value": "${chrome_options}"}, {"name": "arg3", "value": "add_argument"}, {"name": "arg4", "value": "--disable-notifications"}], "start": 1747822046955, "stop": 1747822046956}, {"name": "BuiltIn.Run Keyword And Ignore Error", "status": "passed", "statusDetails": {}, "steps": [{"name": "BuiltIn.Call Method", "status": "failed", "statusDetails": {"message": "Calling method 'add_argument' failed: TypeError: ArgOptions.add_argument() got an unexpected keyword argument '--password-store'"}, "attachments": [{"name": "Keyword Log", "source": "e2b7a85f-f50d-411e-b12d-0f1319f26fc5-attachment.html", "type": "text/html"}], "parameters": [{"name": "arg1", "value": "${chrome_options}"}, {"name": "arg2", "value": "add_argument"}, {"name": "arg3", "value": "--password-store=basic"}], "start": 1747822046956, "stop": 1747822046958}], "parameters": [{"name": "arg1", "value": "Call Method"}, {"name": "arg2", "value": "${chrome_options}"}, {"name": "arg3", "value": "add_argument"}, {"name": "arg4", "value": "--password-store=basic"}], "start": 1747822046956, "stop": 1747822046959}, {"name": "BuiltIn.Run Keyword And Ignore Error", "status": "passed", "statusDetails": {}, "steps": [{"name": "BuiltIn.Call Method", "status": "failed", "statusDetails": {"message": "Calling method 'add_argument' failed: TypeError: ArgOptions.add_argument() got an unexpected keyword argument '--disable-features'"}, "attachments": [{"name": "Keyword Log", "source": "5a572f1e-f4ad-4f28-9429-d6ff5ae39854-attachment.html", "type": "text/html"}], "parameters": [{"name": "arg1", "value": "${chrome_options}"}, {"name": "arg2", "value": "add_argument"}, {"name": "arg3", "value": "--disable-features=PasswordManagerEnabled,PasswordLeakDetection,SafetyCheck,PasswordCheckup"}], "start": 1747822046959, "stop": 1747822046961}], "parameters": [{"name": "arg1", "value": "Call Method"}, {"name": "arg2", "value": "${chrome_options}"}, {"name": "arg3", "value": "add_argument"}, {"name": "arg4", "value": "--disable-features=PasswordManagerEnabled,PasswordLeakDetection,SafetyCheck,PasswordCheckup"}], "start": 1747822046959, "stop": 1747822046961}, {"name": "BuiltIn.Run Keyword And Ignore Error", "status": "passed", "statusDetails": {}, "steps": [{"name": "BuiltIn.Call Method", "status": "passed", "statusDetails": {}, "parameters": [{"name": "arg1", "value": "${chrome_options}"}, {"name": "arg2", "value": "add_argument"}, {"name": "arg3", "value": "--incognito"}], "start": 1747822046962, "stop": 1747822046963}], "parameters": [{"name": "arg1", "value": "Call Method"}, {"name": "arg2", "value": "${chrome_options}"}, {"name": "arg3", "value": "add_argument"}, {"name": "arg4", "value": "--incognito"}], "start": 1747822046962, "stop": 1747822046963}, {"name": "BuiltIn.Run Keyword And Ignore Error", "status": "passed", "statusDetails": {}, "steps": [{"name": "BuiltIn.Call Method", "status": "passed", "statusDetails": {}, "parameters": [{"name": "arg1", "value": "${chrome_options}"}, {"name": "arg2", "value": "add_argument"}, {"name": "arg3", "value": "--flag-switches-begin"}], "start": 1747822046964, "stop": 1747822046965}], "parameters": [{"name": "arg1", "value": "Call Method"}, {"name": "arg2", "value": "${chrome_options}"}, {"name": "arg3", "value": "add_argument"}, {"name": "arg4", "value": "--flag-switches-begin"}], "start": 1747822046964, "stop": 1747822046966}, {"name": "BuiltIn.Run Keyword And Ignore Error", "status": "passed", "statusDetails": {}, "steps": [{"name": "BuiltIn.Call Method", "status": "passed", "statusDetails": {}, "parameters": [{"name": "arg1", "value": "${chrome_options}"}, {"name": "arg2", "value": "add_argument"}, {"name": "arg3", "value": "--disable-password-manager"}], "start": 1747822046966, "stop": 1747822046967}], "parameters": [{"name": "arg1", "value": "Call Method"}, {"name": "arg2", "value": "${chrome_options}"}, {"name": "arg3", "value": "add_argument"}, {"name": "arg4", "value": "--disable-password-manager"}], "start": 1747822046966, "stop": 1747822046967}, {"name": "BuiltIn.Run Keyword And Ignore Error", "status": "passed", "statusDetails": {}, "steps": [{"name": "BuiltIn.Call Method", "status": "passed", "statusDetails": {}, "parameters": [{"name": "arg1", "value": "${chrome_options}"}, {"name": "arg2", "value": "add_argument"}, {"name": "arg3", "value": "--flag-switches-end"}], "start": 1747822046968, "stop": 1747822046969}], "parameters": [{"name": "arg1", "value": "Call Method"}, {"name": "arg2", "value": "${chrome_options}"}, {"name": "arg3", "value": "add_argument"}, {"name": "arg4", "value": "--flag-switches-end"}], "start": 1747822046967, "stop": 1747822046969}, {"name": "BuiltIn.Log", "status": "passed", "statusDetails": {}, "attachments": [{"name": "Keyword Log", "source": "25d8d54a-5a38-4f2c-9d6d-7b1dd04b2a3c-attachment.html", "type": "text/html"}], "parameters": [{"name": "arg1", "value": "Chrome options set: ${chrome_options}"}, {"name": "arg2", "value": "level=INFO"}], "start": 1747822046970, "stop": 1747822046971}, {"name": "BuiltIn.Run Keyword And Ignore Error", "status": "passed", "statusDetails": {}, "steps": [{"name": "SeleniumLibrary.Open Browser", "status": "passed", "statusDetails": {}, "attachments": [{"name": "Keyword Log", "source": "e015d180-f83e-4c68-ad5e-c26f77e15a81-attachment.html", "type": "text/html"}], "parameters": [{"name": "arg1", "value": "about:blank"}, {"name": "arg2", "value": "chrome"}, {"name": "arg3", "value": "options=${chrome_options}"}], "start": 1747822046972, "stop": 1747822050286}], "parameters": [{"name": "arg1", "value": "Open Browser"}, {"name": "arg2", "value": "about:blank"}, {"name": "arg3", "value": "chrome"}, {"name": "arg4", "value": "options=${chrome_options}"}], "start": 1747822046972, "stop": 1747822050287}, {"name": "BuiltIn.Log", "status": "passed", "statusDetails": {}, "attachments": [{"name": "Keyword Log", "source": "ae86a0c4-792e-41e0-bb3b-c9bb9f4b4a3b-attachment.html", "type": "text/html"}], "parameters": [{"name": "arg1", "value": "Browser opened successfully"}, {"name": "arg2", "value": "level=INFO"}], "start": 1747822050287, "stop": 1747822050289}, {"name": "SeleniumLibrary.Maximize Browser Window", "status": "passed", "statusDetails": {}, "start": 1747822050289, "stop": 1747822050343}], "start": 1747822046949, "stop": 1747822050344}, {"name": "common_keywords.getUrl", "status": "passed", "statusDetails": {}, "steps": [{"name": "SeleniumLibrary.Go To", "status": "passed", "statusDetails": {}, "attachments": [{"name": "Keyword Log", "source": "5208c06c-6138-4a39-bce7-b35d74b8d78d-attachment.html", "type": "text/html"}], "parameters": [{"name": "arg1", "value": "${url}"}], "start": 1747822050344, "stop": 1747822051319}, {"name": "BuiltIn.Sleep", "status": "passed", "statusDetails": {}, "attachments": [{"name": "Keyword Log", "source": "0c3fa1fa-1e2b-4701-b8a5-51d780c6698f-attachment.html", "type": "text/html"}], "parameters": [{"name": "arg1", "value": "${DELAY_MEDIUM}"}], "start": 1747822051319, "stop": 1747822054321}], "parameters": [{"name": "arg1", "value": "https://cms.anhtester.com/users/login"}], "start": 1747822050344, "stop": 1747822054322}, {"name": "common_keywords.enterText", "status": "passed", "statusDetails": {}, "steps": [{"name": "SeleniumLibrary.Wait Until Element Is Visible", "status": "passed", "statusDetails": {}, "parameters": [{"name": "arg1", "value": "${locator}"}, {"name": "arg2", "value": "timeout=10s"}], "start": 1747822054323, "stop": 1747822054360}, {"name": "SeleniumLibrary.Input Text", "status": "passed", "statusDetails": {}, "attachments": [{"name": "Keyword Log", "source": "c6f7526f-d2ca-4e05-8587-19543d4e4cdd-attachment.html", "type": "text/html"}], "parameters": [{"name": "arg1", "value": "${locator}"}, {"name": "arg2", "value": "${text}"}], "start": 1747822054360, "stop": 1747822054546}, {"name": "BuiltIn.Sleep", "status": "passed", "statusDetails": {}, "attachments": [{"name": "Keyword Log", "source": "7b222d22-9586-445a-aec0-18b66e4ba45d-attachment.html", "type": "text/html"}], "parameters": [{"name": "arg1", "value": "${DELAY_FAST}"}], "start": 1747822054547, "stop": 1747822055551}], "parameters": [{"name": "arg1", "value": "xpath=//input[@id=\"email\"]"}, {"name": "arg2", "value": "${username}"}], "start": 1747822054322, "stop": 1747822055552}, {"name": "common_keywords.enterText", "status": "passed", "statusDetails": {}, "steps": [{"name": "SeleniumLibrary.Wait Until Element Is Visible", "status": "passed", "statusDetails": {}, "parameters": [{"name": "arg1", "value": "${locator}"}, {"name": "arg2", "value": "timeout=10s"}], "start": 1747822055554, "stop": 1747822055709}, {"name": "SeleniumLibrary.Input Text", "status": "passed", "statusDetails": {}, "attachments": [{"name": "Keyword Log", "source": "deb8809b-6920-4da3-b38e-27cc67340dd7-attachment.html", "type": "text/html"}], "parameters": [{"name": "arg1", "value": "${locator}"}, {"name": "arg2", "value": "${text}"}], "start": 1747822055710, "stop": 1747822055849}, {"name": "BuiltIn.Sleep", "status": "passed", "statusDetails": {}, "attachments": [{"name": "Keyword Log", "source": "a56f6b54-c3e4-431b-9987-451c04688e26-attachment.html", "type": "text/html"}], "parameters": [{"name": "arg1", "value": "${DELAY_FAST}"}], "start": 1747822055850, "stop": 1747822056853}], "parameters": [{"name": "arg1", "value": "xpath=//input[@id=\"password\"]"}, {"name": "arg2", "value": "${password}"}], "start": 1747822055553, "stop": 1747822056853}, {"name": "common_keywords.clickButton", "status": "failed", "statusDetails": {"message": "ElementClickInterceptedException: Message: element click intercepted: Element <button type=\"submit\" class=\"btn btn-primary btn-block fw-600\">...</button> is not clickable at point (675, 568). Other element would receive the click: <div class=\"pb-5 pt-4 px-5\">...</div>\n  (Session info: chrome=136.0.7103.114)\nStacktrace:\n\tGetHandleVerifier [0x00007FF7D49CCF65+75717]\n\tGetHandleVerifier [0x00007FF7D49CCFC0+75808]\n\t(No symbol) [0x00007FF7D4798F9A]\n\t(No symbol) [0x00007FF7D47F7439]\n\t(No symbol) [0x00007FF7D47F4DF2]\n\t(No symbol) [0x00007FF7D47F1EA1]\n\t(No symbol) [0x00007FF7D47F0DA1]\n\t(No symbol) [0x00007FF7D47E2394]\n\t(No symbol) [0x00007FF7D481737A]\n\t(No symbol) [0x00007FF7D47E1C46]\n\t(No symbol) [0x00007FF7D4817590]\n\t(No symbol) [0x00007FF7D483F39C]\n\t(No symbol) [0x00007FF7D4817153]\n\t(No symbol) [0x00007FF7D47E0421]\n\t(No symbol) [0x00007FF7D47E11B3]\n\tGetHandleVerifier [0x00007FF7D4CCD74D+3223469]\n\tGetHandleVerifier [0x00007FF7D4CC7CF2+3200338]\n\tGetHandleVerifier [0x00007FF7D4CE5B23+3322755]\n\tGetHandleVerifier [0x00007FF7D49E6A3A+180890]\n\tGetHandleVerifier [0x00007FF7D49EE13F+211359]\n\tGetHandleVerifier [0x00007FF7D49D52B4+109332]\n\tGetHandleVerifier [0x00007FF7D49D5462+109762]\n\tGetHandleVerifier [0x00007FF7D49BBA79+4825]\n\tBaseThreadInitThunk [0x00007FFD47AE7374+20]\n\tRtlUserThreadStart [0x00007FFD4857CC91+33]\n"}, "steps": [{"name": "SeleniumLibrary.Wait Until Element Is Visible", "status": "passed", "statusDetails": {}, "parameters": [{"name": "arg1", "value": "${locator}"}, {"name": "arg2", "value": "timeout=10s"}], "start": 1747822056854, "stop": 1747822056910}, {"name": "SeleniumLibrary.Click Element", "status": "failed", "statusDetails": {"message": "ElementClickInterceptedException: Message: element click intercepted: Element <button type=\"submit\" class=\"btn btn-primary btn-block fw-600\">...</button> is not clickable at point (675, 568). Other element would receive the click: <div class=\"pb-5 pt-4 px-5\">...</div>\n  (Session info: chrome=136.0.7103.114)\nStacktrace:\n\tGetHandleVerifier [0x00007FF7D49CCF65+75717]\n\tGetHandleVerifier [0x00007FF7D49CCFC0+75808]\n\t(No symbol) [0x00007FF7D4798F9A]\n\t(No symbol) [0x00007FF7D47F7439]\n\t(No symbol) [0x00007FF7D47F4DF2]\n\t(No symbol) [0x00007FF7D47F1EA1]\n\t(No symbol) [0x00007FF7D47F0DA1]\n\t(No symbol) [0x00007FF7D47E2394]\n\t(No symbol) [0x00007FF7D481737A]\n\t(No symbol) [0x00007FF7D47E1C46]\n\t(No symbol) [0x00007FF7D4817590]\n\t(No symbol) [0x00007FF7D483F39C]\n\t(No symbol) [0x00007FF7D4817153]\n\t(No symbol) [0x00007FF7D47E0421]\n\t(No symbol) [0x00007FF7D47E11B3]\n\tGetHandleVerifier [0x00007FF7D4CCD74D+3223469]\n\tGetHandleVerifier [0x00007FF7D4CC7CF2+3200338]\n\tGetHandleVerifier [0x00007FF7D4CE5B23+3322755]\n\tGetHandleVerifier [0x00007FF7D49E6A3A+180890]\n\tGetHandleVerifier [0x00007FF7D49EE13F+211359]\n\tGetHandleVerifier [0x00007FF7D49D52B4+109332]\n\tGetHandleVerifier [0x00007FF7D49D5462+109762]\n\tGetHandleVerifier [0x00007FF7D49BBA79+4825]\n\tBaseThreadInitThunk [0x00007FFD47AE7374+20]\n\tRtlUserThreadStart [0x00007FFD4857CC91+33]\n"}, "attachments": [{"name": "Keyword Log", "source": "8eb68574-ddd2-4270-a354-e9d0c665c6c2-attachment.html", "type": "text/html"}], "parameters": [{"name": "arg1", "value": "${locator}"}], "start": 1747822056910, "stop": 1747822058122}, {"name": "BuiltIn.Sleep", "status": "skipped", "statusDetails": {"message": "ElementClickInterceptedException: Message: element click intercepted: Element <button type=\"submit\" class=\"btn btn-primary btn-block fw-600\">...</button> is not clickable at point (675, 568). Other element would receive the click: <div class=\"pb-5 pt-4 px-5\">...</div>\n  (Session info: chrome=136.0.7103.114)\nStacktrace:\n\tGetHandleVerifier [0x00007FF7D49CCF65+75717]\n\tGetHandleVerifier [0x00007FF7D49CCFC0+75808]\n\t(No symbol) [0x00007FF7D4798F9A]\n\t(No symbol) [0x00007FF7D47F7439]\n\t(No symbol) [0x00007FF7D47F4DF2]\n\t(No symbol) [0x00007FF7D47F1EA1]\n\t(No symbol) [0x00007FF7D47F0DA1]\n\t(No symbol) [0x00007FF7D47E2394]\n\t(No symbol) [0x00007FF7D481737A]\n\t(No symbol) [0x00007FF7D47E1C46]\n\t(No symbol) [0x00007FF7D4817590]\n\t(No symbol) [0x00007FF7D483F39C]\n\t(No symbol) [0x00007FF7D4817153]\n\t(No symbol) [0x00007FF7D47E0421]\n\t(No symbol) [0x00007FF7D47E11B3]\n\tGetHandleVerifier [0x00007FF7D4CCD74D+3223469]\n\tGetHandleVerifier [0x00007FF7D4CC7CF2+3200338]\n\tGetHandleVerifier [0x00007FF7D4CE5B23+3322755]\n\tGetHandleVerifier [0x00007FF7D49E6A3A+180890]\n\tGetHandleVerifier [0x00007FF7D49EE13F+211359]\n\tGetHandleVerifier [0x00007FF7D49D52B4+109332]\n\tGetHandleVerifier [0x00007FF7D49D5462+109762]\n\tGetHandleVerifier [0x00007FF7D49BBA79+4825]\n\tBaseThreadInitThunk [0x00007FFD47AE7374+20]\n\tRtlUserThreadStart [0x00007FFD4857CC91+33]\n"}, "parameters": [{"name": "arg1", "value": "${DELAY_MEDIUM}"}], "start": 1747822058122, "stop": 1747822058123}], "parameters": [{"name": "arg1", "value": "xpath=//button[normalize-space()=\"Login\"]"}], "start": 1747822056854, "stop": 1747822058123}, {"name": "common_keywords.clickButton", "status": "skipped", "statusDetails": {"message": "ElementClickInterceptedException: Message: element click intercepted: Element <button type=\"submit\" class=\"btn btn-primary btn-block fw-600\">...</button> is not clickable at point (675, 568). Other element would receive the click: <div class=\"pb-5 pt-4 px-5\">...</div>\n  (Session info: chrome=136.0.7103.114)\nStacktrace:\n\tGetHandleVerifier [0x00007FF7D49CCF65+75717]\n\tGetHandleVerifier [0x00007FF7D49CCFC0+75808]\n\t(No symbol) [0x00007FF7D4798F9A]\n\t(No symbol) [0x00007FF7D47F7439]\n\t(No symbol) [0x00007FF7D47F4DF2]\n\t(No symbol) [0x00007FF7D47F1EA1]\n\t(No symbol) [0x00007FF7D47F0DA1]\n\t(No symbol) [0x00007FF7D47E2394]\n\t(No symbol) [0x00007FF7D481737A]\n\t(No symbol) [0x00007FF7D47E1C46]\n\t(No symbol) [0x00007FF7D4817590]\n\t(No symbol) [0x00007FF7D483F39C]\n\t(No symbol) [0x00007FF7D4817153]\n\t(No symbol) [0x00007FF7D47E0421]\n\t(No symbol) [0x00007FF7D47E11B3]\n\tGetHandleVerifier [0x00007FF7D4CCD74D+3223469]\n\tGetHandleVerifier [0x00007FF7D4CC7CF2+3200338]\n\tGetHandleVerifier [0x00007FF7D4CE5B23+3322755]\n\tGetHandleVerifier [0x00007FF7D49E6A3A+180890]\n\tGetHandleVerifier [0x00007FF7D49EE13F+211359]\n\tGetHandleVerifier [0x00007FF7D49D52B4+109332]\n\tGetHandleVerifier [0x00007FF7D49D5462+109762]\n\tGetHandleVerifier [0x00007FF7D49BBA79+4825]\n\tBaseThreadInitThunk [0x00007FFD47AE7374+20]\n\tRtlUserThreadStart [0x00007FFD4857CC91+33]\n"}, "parameters": [{"name": "arg1", "value": "xpath=//button[@class=\"absolute-top-right bg-white shadow-lg btn btn-circle btn-icon mr-n3 mt-n3 set-session\"]"}], "start": 1747822058124, "stop": 1747822058124}, {"name": "BuiltIn.Run Keyword If", "status": "skipped", "statusDetails": {"message": "ElementClickInterceptedException: Message: element click intercepted: Element <button type=\"submit\" class=\"btn btn-primary btn-block fw-600\">...</button> is not clickable at point (675, 568). Other element would receive the click: <div class=\"pb-5 pt-4 px-5\">...</div>\n  (Session info: chrome=136.0.7103.114)\nStacktrace:\n\tGetHandleVerifier [0x00007FF7D49CCF65+75717]\n\tGetHandleVerifier [0x00007FF7D49CCFC0+75808]\n\t(No symbol) [0x00007FF7D4798F9A]\n\t(No symbol) [0x00007FF7D47F7439]\n\t(No symbol) [0x00007FF7D47F4DF2]\n\t(No symbol) [0x00007FF7D47F1EA1]\n\t(No symbol) [0x00007FF7D47F0DA1]\n\t(No symbol) [0x00007FF7D47E2394]\n\t(No symbol) [0x00007FF7D481737A]\n\t(No symbol) [0x00007FF7D47E1C46]\n\t(No symbol) [0x00007FF7D4817590]\n\t(No symbol) [0x00007FF7D483F39C]\n\t(No symbol) [0x00007FF7D4817153]\n\t(No symbol) [0x00007FF7D47E0421]\n\t(No symbol) [0x00007FF7D47E11B3]\n\tGetHandleVerifier [0x00007FF7D4CCD74D+3223469]\n\tGetHandleVerifier [0x00007FF7D4CC7CF2+3200338]\n\tGetHandleVerifier [0x00007FF7D4CE5B23+3322755]\n\tGetHandleVerifier [0x00007FF7D49E6A3A+180890]\n\tGetHandleVerifier [0x00007FF7D49EE13F+211359]\n\tGetHandleVerifier [0x00007FF7D49D52B4+109332]\n\tGetHandleVerifier [0x00007FF7D49D5462+109762]\n\tGetHandleVerifier [0x00007FF7D49BBA79+4825]\n\tBaseThreadInitThunk [0x00007FFD47AE7374+20]\n\tRtlUserThreadStart [0x00007FFD4857CC91+33]\n"}, "parameters": [{"name": "arg1", "value": "\"${expected_url}\" != \"\""}, {"name": "arg2", "value": "verifyCurrentUrl"}, {"name": "arg3", "value": "${expected_url}"}], "start": 1747822058124, "stop": 1747822058125}, {"name": "BuiltIn.Run Keyword If", "status": "skipped", "statusDetails": {"message": "ElementClickInterceptedException: Message: element click intercepted: Element <button type=\"submit\" class=\"btn btn-primary btn-block fw-600\">...</button> is not clickable at point (675, 568). Other element would receive the click: <div class=\"pb-5 pt-4 px-5\">...</div>\n  (Session info: chrome=136.0.7103.114)\nStacktrace:\n\tGetHandleVerifier [0x00007FF7D49CCF65+75717]\n\tGetHandleVerifier [0x00007FF7D49CCFC0+75808]\n\t(No symbol) [0x00007FF7D4798F9A]\n\t(No symbol) [0x00007FF7D47F7439]\n\t(No symbol) [0x00007FF7D47F4DF2]\n\t(No symbol) [0x00007FF7D47F1EA1]\n\t(No symbol) [0x00007FF7D47F0DA1]\n\t(No symbol) [0x00007FF7D47E2394]\n\t(No symbol) [0x00007FF7D481737A]\n\t(No symbol) [0x00007FF7D47E1C46]\n\t(No symbol) [0x00007FF7D4817590]\n\t(No symbol) [0x00007FF7D483F39C]\n\t(No symbol) [0x00007FF7D4817153]\n\t(No symbol) [0x00007FF7D47E0421]\n\t(No symbol) [0x00007FF7D47E11B3]\n\tGetHandleVerifier [0x00007FF7D4CCD74D+3223469]\n\tGetHandleVerifier [0x00007FF7D4CC7CF2+3200338]\n\tGetHandleVerifier [0x00007FF7D4CE5B23+3322755]\n\tGetHandleVerifier [0x00007FF7D49E6A3A+180890]\n\tGetHandleVerifier [0x00007FF7D49EE13F+211359]\n\tGetHandleVerifier [0x00007FF7D49D52B4+109332]\n\tGetHandleVerifier [0x00007FF7D49D5462+109762]\n\tGetHandleVerifier [0x00007FF7D49BBA79+4825]\n\tBaseThreadInitThunk [0x00007FFD47AE7374+20]\n\tRtlUserThreadStart [0x00007FFD4857CC91+33]\n"}, "parameters": [{"name": "arg1", "value": "\"${logout_url}\" != \"\""}, {"name": "arg2", "value": "getUrl"}, {"name": "arg3", "value": "${logout_url}"}], "start": 1747822058125, "stop": 1747822058125}, {"name": "common_keywords.Sleep After Test", "status": "skipped", "statusDetails": {"message": "ElementClickInterceptedException: Message: element click intercepted: Element <button type=\"submit\" class=\"btn btn-primary btn-block fw-600\">...</button> is not clickable at point (675, 568). Other element would receive the click: <div class=\"pb-5 pt-4 px-5\">...</div>\n  (Session info: chrome=136.0.7103.114)\nStacktrace:\n\tGetHandleVerifier [0x00007FF7D49CCF65+75717]\n\tGetHandleVerifier [0x00007FF7D49CCFC0+75808]\n\t(No symbol) [0x00007FF7D4798F9A]\n\t(No symbol) [0x00007FF7D47F7439]\n\t(No symbol) [0x00007FF7D47F4DF2]\n\t(No symbol) [0x00007FF7D47F1EA1]\n\t(No symbol) [0x00007FF7D47F0DA1]\n\t(No symbol) [0x00007FF7D47E2394]\n\t(No symbol) [0x00007FF7D481737A]\n\t(No symbol) [0x00007FF7D47E1C46]\n\t(No symbol) [0x00007FF7D4817590]\n\t(No symbol) [0x00007FF7D483F39C]\n\t(No symbol) [0x00007FF7D4817153]\n\t(No symbol) [0x00007FF7D47E0421]\n\t(No symbol) [0x00007FF7D47E11B3]\n\tGetHandleVerifier [0x00007FF7D4CCD74D+3223469]\n\tGetHandleVerifier [0x00007FF7D4CC7CF2+3200338]\n\tGetHandleVerifier [0x00007FF7D4CE5B23+3322755]\n\tGetHandleVerifier [0x00007FF7D49E6A3A+180890]\n\tGetHandleVerifier [0x00007FF7D49EE13F+211359]\n\tGetHandleVerifier [0x00007FF7D49D52B4+109332]\n\tGetHandleVerifier [0x00007FF7D49D5462+109762]\n\tGetHandleVerifier [0x00007FF7D49BBA79+4825]\n\tBaseThreadInitThunk [0x00007FFD47AE7374+20]\n\tRtlUserThreadStart [0x00007FFD4857CC91+33]\n"}, "start": 1747822058126, "stop": 1747822058126}, {"name": "SeleniumLibrary.Close Browser", "status": "skipped", "statusDetails": {"message": "ElementClickInterceptedException: Message: element click intercepted: Element <button type=\"submit\" class=\"btn btn-primary btn-block fw-600\">...</button> is not clickable at point (675, 568). Other element would receive the click: <div class=\"pb-5 pt-4 px-5\">...</div>\n  (Session info: chrome=136.0.7103.114)\nStacktrace:\n\tGetHandleVerifier [0x00007FF7D49CCF65+75717]\n\tGetHandleVerifier [0x00007FF7D49CCFC0+75808]\n\t(No symbol) [0x00007FF7D4798F9A]\n\t(No symbol) [0x00007FF7D47F7439]\n\t(No symbol) [0x00007FF7D47F4DF2]\n\t(No symbol) [0x00007FF7D47F1EA1]\n\t(No symbol) [0x00007FF7D47F0DA1]\n\t(No symbol) [0x00007FF7D47E2394]\n\t(No symbol) [0x00007FF7D481737A]\n\t(No symbol) [0x00007FF7D47E1C46]\n\t(No symbol) [0x00007FF7D4817590]\n\t(No symbol) [0x00007FF7D483F39C]\n\t(No symbol) [0x00007FF7D4817153]\n\t(No symbol) [0x00007FF7D47E0421]\n\t(No symbol) [0x00007FF7D47E11B3]\n\tGetHandleVerifier [0x00007FF7D4CCD74D+3223469]\n\tGetHandleVerifier [0x00007FF7D4CC7CF2+3200338]\n\tGetHandleVerifier [0x00007FF7D4CE5B23+3322755]\n\tGetHandleVerifier [0x00007FF7D49E6A3A+180890]\n\tGetHandleVerifier [0x00007FF7D49EE13F+211359]\n\tGetHandleVerifier [0x00007FF7D49D52B4+109332]\n\tGetHandleVerifier [0x00007FF7D49D5462+109762]\n\tGetHandleVerifier [0x00007FF7D49BBA79+4825]\n\tBaseThreadInitThunk [0x00007FFD47AE7374+20]\n\tRtlUserThreadStart [0x00007FFD4857CC91+33]\n"}, "start": 1747822058126, "stop": 1747822058127}], "parameters": [{"name": "arg1", "value": "anhtester@email.com"}, {"name": "arg2", "value": "AnhTester@2023#"}, {"name": "arg3", "value": "https://cms.anhtester.com/dashboard"}, {"name": "arg4", "value": "https://cms.anhtester.com/logout"}], "start": 1747822046948, "stop": 1747822058127}], "start": 1747822046947, "stop": 1747822058130, "uuid": "8d2740b6-366e-47cc-bf43-46ac680e3aa9", "historyId": "cdc8eb93585c81e30971cf2e4aad6da1", "fullName": "Login Tests Data Json.L_1", "labels": [{"name": "suite", "value": "Login Tests Data Json"}, {"name": "framework", "value": "robotframework"}, {"name": "language", "value": "cpython3"}, {"name": "host", "value": "DESKTOP-A0BCC69"}, {"name": "thread", "value": "default-2dabccf2-33e4-4851-980f-f6a44067945c"}]}